2020-03-05 10:46:22,778 INFO DataBaseConfig [main] Create DB connection
2020-03-05 10:46:43,000 INFO DataBaseConfig [main] Closing DB connection
2020-03-05 10:48:50,872 INFO DataBaseConfig [main] Create DB connection
2020-03-05 10:48:54,044 INFO DataBaseConfig [main] Create DB connection
2020-03-05 10:48:59,092 INFO DataBaseConfig [main] Closing DB connection
2020-03-05 10:50:00,410 INFO DataBaseConfig [main] Create DB connection
2020-03-05 10:50:01,297 INFO DataBaseConfig [main] Closing DB connection
2020-03-05 10:50:22,334 INFO DataBaseConfig [main] Create DB connection
2020-03-05 10:50:23,204 INFO DataBaseConfig [main] Closing DB connection
2020-03-05 10:58:28,035 INFO DataBaseConfig [main] Create DB connection
2020-03-05 10:58:28,867 INFO DataBaseConfig [main] Closing DB connection
2020-03-05 11:46:26,307 INFO DataBaseConfig [main] Create DB connection
2020-03-05 11:46:27,169 INFO DataBaseConfig [main] Closing DB connection
2020-03-05 14:10:34,197 INFO DataBaseConfigTest [main] Create DB connection
2020-03-05 14:10:35,183 INFO DataBaseConfigTest [main] Closing DB connection
2020-03-05 14:10:35,699 INFO DataBaseConfigTest [main] Create DB connection
2020-03-05 14:10:35,783 INFO DataBaseConfigTest [main] Closing DB connection
2020-03-05 14:10:35,798 INFO DataBaseConfigTest [main] Create DB connection
2020-03-05 14:10:35,816 INFO DataBaseConfigTest [main] Closing Result Set
2020-03-05 14:10:35,816 INFO DataBaseConfigTest [main] Closing Prepared Statement
2020-03-05 14:10:35,816 INFO DataBaseConfigTest [main] Closing DB connection
2020-03-05 14:10:35,816 INFO DataBaseConfigTest [main] Create DB connection
2020-03-05 14:10:35,832 INFO DataBaseConfigTest [main] Closing Prepared Statement
2020-03-05 14:10:35,832 INFO DataBaseConfigTest [main] Closing DB connection
2020-03-05 14:10:35,832 INFO DataBaseConfigTest [main] Create DB connection
2020-03-05 14:10:35,866 INFO DataBaseConfigTest [main] Closing DB connection
2020-03-05 14:10:38,882 INFO DataBaseConfigTest [main] Create DB connection
2020-03-05 14:10:38,899 INFO DataBaseConfigTest [main] Closing Result Set
2020-03-05 14:10:38,899 INFO DataBaseConfigTest [main] Closing Prepared Statement
2020-03-05 14:10:38,899 INFO DataBaseConfigTest [main] Closing DB connection
2020-03-05 14:10:38,899 INFO DataBaseConfig [main] Create DB connection
2020-03-05 14:10:38,925 INFO DataBaseConfig [main] Closing DB connection
2020-03-05 14:10:38,926 INFO DataBaseConfigTest [main] Create DB connection
2020-03-05 14:10:38,949 INFO DataBaseConfigTest [main] Closing DB connection
2020-03-05 14:10:38,949 INFO DataBaseConfigTest [main] Create DB connection
2020-03-05 14:10:38,966 INFO DataBaseConfigTest [main] Closing Prepared Statement
2020-03-05 14:10:38,966 INFO DataBaseConfigTest [main] Closing DB connection
2020-03-05 14:10:38,977 INFO DataBaseConfigTest [main] Create DB connection
2020-03-05 14:10:39,044 INFO DataBaseConfigTest [main] Closing DB connection
2020-03-05 14:10:39,045 INFO DataBaseConfigTest [main] Create DB connection
2020-03-05 14:10:39,060 INFO DataBaseConfigTest [main] Closing Result Set
2020-03-05 14:10:39,060 INFO DataBaseConfigTest [main] Closing Prepared Statement
2020-03-05 14:10:39,061 INFO DataBaseConfigTest [main] Closing DB connection
2020-03-05 14:10:39,061 INFO DataBaseConfigTest [main] Create DB connection
2020-03-05 14:10:39,082 INFO DataBaseConfigTest [main] Closing Prepared Statement
2020-03-05 14:10:39,082 INFO DataBaseConfigTest [main] Closing DB connection
2020-03-05 14:10:39,083 INFO DataBaseConfigTest [main] Create DB connection
2020-03-05 14:10:39,110 INFO DataBaseConfigTest [main] Closing DB connection
2020-03-05 14:10:39,144 INFO DataBaseConfig [main] Create DB connection
2020-03-05 14:10:39,160 INFO DataBaseConfig [main] Closing DB connection
2020-03-05 14:11:04,798 INFO DataBaseConfigTest [main] Create DB connection
2020-03-05 14:11:06,029 INFO DataBaseConfigTest [main] Closing DB connection
2020-03-05 14:11:06,671 INFO DataBaseConfigTest [main] Create DB connection
2020-03-05 14:11:06,745 INFO DataBaseConfigTest [main] Closing DB connection
2020-03-05 14:11:06,747 INFO DataBaseConfigTest [main] Create DB connection
2020-03-05 14:11:06,784 INFO DataBaseConfigTest [main] Closing Result Set
2020-03-05 14:11:06,784 INFO DataBaseConfigTest [main] Closing Prepared Statement
2020-03-05 14:11:06,785 INFO DataBaseConfigTest [main] Closing DB connection
2020-03-05 14:11:06,785 INFO DataBaseConfigTest [main] Create DB connection
2020-03-05 14:11:06,816 INFO DataBaseConfigTest [main] Closing Prepared Statement
2020-03-05 14:11:06,818 INFO DataBaseConfigTest [main] Closing DB connection
2020-03-05 14:11:06,818 INFO DataBaseConfigTest [main] Create DB connection
2020-03-05 14:11:06,851 INFO DataBaseConfigTest [main] Closing DB connection
2020-03-05 14:11:09,851 INFO DataBaseConfigTest [main] Create DB connection
2020-03-05 14:11:09,865 INFO DataBaseConfigTest [main] Closing Result Set
2020-03-05 14:11:09,865 INFO DataBaseConfigTest [main] Closing Prepared Statement
2020-03-05 14:11:09,865 INFO DataBaseConfigTest [main] Closing DB connection
2020-03-05 14:11:09,866 INFO DataBaseConfig [main] Create DB connection
2020-03-05 14:11:09,882 INFO DataBaseConfig [main] Closing DB connection
2020-03-05 14:11:09,882 INFO DataBaseConfigTest [main] Create DB connection
2020-03-05 14:11:09,901 INFO DataBaseConfigTest [main] Closing DB connection
2020-03-05 14:11:09,901 INFO DataBaseConfigTest [main] Create DB connection
2020-03-05 14:11:09,916 INFO DataBaseConfigTest [main] Closing Prepared Statement
2020-03-05 14:11:09,917 INFO DataBaseConfigTest [main] Closing DB connection
2020-03-05 14:11:09,920 INFO DataBaseConfigTest [main] Create DB connection
2020-03-05 14:11:09,998 INFO DataBaseConfigTest [main] Closing DB connection
2020-03-05 14:11:09,998 INFO DataBaseConfigTest [main] Create DB connection
2020-03-05 14:11:10,011 INFO DataBaseConfigTest [main] Closing Result Set
2020-03-05 14:11:10,011 INFO DataBaseConfigTest [main] Closing Prepared Statement
2020-03-05 14:11:10,012 INFO DataBaseConfigTest [main] Closing DB connection
2020-03-05 14:11:10,012 INFO DataBaseConfigTest [main] Create DB connection
2020-03-05 14:11:10,026 INFO DataBaseConfigTest [main] Closing Prepared Statement
2020-03-05 14:11:10,027 INFO DataBaseConfigTest [main] Closing DB connection
2020-03-05 14:11:10,027 INFO DataBaseConfigTest [main] Create DB connection
2020-03-05 14:11:10,049 INFO DataBaseConfigTest [main] Closing DB connection
2020-03-05 14:11:10,078 INFO DataBaseConfig [main] Create DB connection
2020-03-05 14:11:10,093 INFO DataBaseConfig [main] Closing DB connection
2020-03-05 15:06:24,645 INFO App [main] Initializing Parking System
2020-03-05 15:06:24,645 INFO InteractiveShell [main] App initialized!!!
2020-03-05 15:07:21,544 INFO DataBaseConfig [main] Create DB connection
2020-03-05 15:07:22,387 INFO DataBaseConfig [main] Closing Result Set
2020-03-05 15:07:22,387 INFO DataBaseConfig [main] Closing Prepared Statement
2020-03-05 15:07:22,388 INFO DataBaseConfig [main] Closing DB connection
2020-03-05 15:07:24,033 INFO DataBaseConfig [main] Create DB connection
2020-03-05 15:07:24,062 INFO DataBaseConfig [main] Closing Prepared Statement
2020-03-05 15:07:24,063 INFO DataBaseConfig [main] Closing DB connection
2020-03-05 15:07:30,285 INFO DataBaseConfig [main] Create DB connection
2020-03-05 15:07:30,410 INFO DataBaseConfig [main] Closing DB connection
2020-03-05 15:07:46,891 INFO DataBaseConfig [main] Create DB connection
2020-03-05 15:07:46,938 INFO DataBaseConfig [main] Closing DB connection
2020-03-05 15:08:00,854 INFO App [main] Initializing Parking System
2020-03-05 15:08:00,859 INFO InteractiveShell [main] App initialized!!!
2020-03-05 15:08:03,771 INFO DataBaseConfig [main] Create DB connection
2020-03-05 15:08:04,675 INFO DataBaseConfig [main] Closing Result Set
2020-03-05 15:08:04,675 INFO DataBaseConfig [main] Closing Prepared Statement
2020-03-05 15:08:04,676 INFO DataBaseConfig [main] Closing DB connection
2020-03-05 15:08:04,676 ERROR ParkingService [main] Error fetching next available parking slot
java.lang.Exception: Error fetching parking number from DB. Parking slots might be full
	at com.parkit.parkingsystem.service.ParkingService.getNextParkingNumberIfAvailable(ParkingService.java:76) [classes/:?]
	at com.parkit.parkingsystem.service.ParkingService.processIncomingVehicle(ParkingService.java:32) [classes/:?]
	at com.parkit.parkingsystem.service.InteractiveShell.loadInterface(InteractiveShell.java:28) [classes/:?]
	at com.parkit.parkingsystem.App.main(App.java:11) [classes/:?]
2020-03-05 15:08:20,628 INFO DataBaseConfig [main] Create DB connection
2020-03-05 15:08:20,644 INFO DataBaseConfig [main] Closing Result Set
2020-03-05 15:08:20,644 INFO DataBaseConfig [main] Closing Prepared Statement
2020-03-05 15:08:20,644 INFO DataBaseConfig [main] Closing DB connection
2020-03-05 15:08:23,679 INFO DataBaseConfig [main] Create DB connection
2020-03-05 15:08:23,721 INFO DataBaseConfig [main] Closing Prepared Statement
2020-03-05 15:08:23,721 INFO DataBaseConfig [main] Closing DB connection
2020-03-05 15:08:26,644 INFO DataBaseConfig [main] Create DB connection
2020-03-05 15:08:26,811 INFO DataBaseConfig [main] Closing DB connection
2020-03-05 15:14:04,530 INFO DataBaseConfig [main] Create DB connection
2020-03-05 15:14:04,691 INFO DataBaseConfig [main] Closing DB connection
2020-03-05 16:12:12,395 INFO DataBaseConfigTest [main] Create DB connection
2020-03-05 16:12:14,306 INFO DataBaseConfigTest [main] Closing DB connection
2020-03-05 16:12:14,350 INFO DataBaseConfigTest [main] Create DB connection
2020-03-05 16:12:14,400 INFO DataBaseConfigTest [main] Closing Result Set
2020-03-05 16:12:14,400 INFO DataBaseConfigTest [main] Closing Prepared Statement
2020-03-05 16:12:14,401 INFO DataBaseConfigTest [main] Closing DB connection
2020-03-05 16:12:14,405 INFO DataBaseConfigTest [main] Create DB connection
2020-03-05 16:12:14,443 INFO DataBaseConfigTest [main] Closing Prepared Statement
2020-03-05 16:12:14,444 INFO DataBaseConfigTest [main] Closing DB connection
2020-03-05 16:12:14,445 INFO DataBaseConfigTest [main] Create DB connection
2020-03-05 16:12:14,484 INFO DataBaseConfigTest [main] Closing DB connection
2020-03-05 16:12:14,484 INFO DataBaseConfigTest [main] Create DB connection
2020-03-05 16:12:14,529 INFO DataBaseConfigTest [main] Closing DB connection
2020-03-05 16:12:17,530 INFO DataBaseConfigTest [main] Create DB connection
2020-03-05 16:12:17,566 INFO DataBaseConfigTest [main] Closing Result Set
2020-03-05 16:12:17,566 INFO DataBaseConfigTest [main] Closing Prepared Statement
2020-03-05 16:12:17,567 INFO DataBaseConfigTest [main] Closing DB connection
2020-03-05 16:12:17,569 INFO DataBaseConfig [main] Create DB connection
2020-03-05 16:12:17,606 INFO DataBaseConfig [main] Closing DB connection
2020-03-05 16:12:17,606 INFO DataBaseConfigTest [main] Create DB connection
2020-03-05 16:12:17,662 INFO DataBaseConfigTest [main] Closing DB connection
2020-03-05 16:12:17,662 INFO DataBaseConfigTest [main] Create DB connection
2020-03-05 16:12:17,700 INFO DataBaseConfigTest [main] Closing Prepared Statement
2020-03-05 16:12:17,701 INFO DataBaseConfigTest [main] Closing DB connection
2020-03-05 16:12:17,724 INFO DataBaseConfigTest [main] Create DB connection
2020-03-05 16:12:17,825 INFO DataBaseConfigTest [main] Closing DB connection
2020-03-05 16:12:17,828 INFO DataBaseConfigTest [main] Create DB connection
2020-03-05 16:12:17,868 INFO DataBaseConfigTest [main] Closing Result Set
2020-03-05 16:12:17,869 INFO DataBaseConfigTest [main] Closing Prepared Statement
2020-03-05 16:12:17,869 INFO DataBaseConfigTest [main] Closing DB connection
2020-03-05 16:12:17,870 INFO DataBaseConfigTest [main] Create DB connection
2020-03-05 16:12:17,901 INFO DataBaseConfigTest [main] Closing Prepared Statement
2020-03-05 16:12:17,902 INFO DataBaseConfigTest [main] Closing DB connection
2020-03-05 16:12:17,902 INFO DataBaseConfigTest [main] Create DB connection
2020-03-05 16:12:17,937 INFO DataBaseConfigTest [main] Closing DB connection
2020-03-05 16:12:17,937 INFO DataBaseConfigTest [main] Create DB connection
2020-03-05 16:12:17,971 INFO DataBaseConfigTest [main] Closing DB connection
2020-03-05 16:29:37,468 INFO DataBaseConfigTest [main] Create DB connection
2020-03-05 16:29:39,608 INFO DataBaseConfigTest [main] Closing DB connection
2020-03-05 16:29:39,655 INFO DataBaseConfigTest [main] Create DB connection
2020-03-05 16:29:39,705 INFO DataBaseConfigTest [main] Closing Result Set
2020-03-05 16:29:39,705 INFO DataBaseConfigTest [main] Closing Prepared Statement
2020-03-05 16:29:39,706 INFO DataBaseConfigTest [main] Closing DB connection
2020-03-05 16:29:39,710 INFO DataBaseConfigTest [main] Create DB connection
2020-03-05 16:29:39,750 INFO DataBaseConfigTest [main] Closing Prepared Statement
2020-03-05 16:29:39,751 INFO DataBaseConfigTest [main] Closing DB connection
2020-03-05 16:29:39,752 INFO DataBaseConfigTest [main] Create DB connection
2020-03-05 16:29:39,793 INFO DataBaseConfigTest [main] Closing DB connection
2020-03-05 16:29:39,793 INFO DataBaseConfigTest [main] Create DB connection
2020-03-05 16:29:39,840 INFO DataBaseConfigTest [main] Closing DB connection
2020-03-05 16:29:42,842 INFO DataBaseConfigTest [main] Create DB connection
2020-03-05 16:29:42,878 INFO DataBaseConfigTest [main] Closing Result Set
2020-03-05 16:29:42,879 INFO DataBaseConfigTest [main] Closing Prepared Statement
2020-03-05 16:29:42,880 INFO DataBaseConfigTest [main] Closing DB connection
2020-03-05 16:29:42,882 INFO DataBaseConfig [main] Create DB connection
2020-03-05 16:29:42,915 INFO DataBaseConfig [main] Closing DB connection
2020-03-05 16:29:42,915 INFO DataBaseConfigTest [main] Create DB connection
2020-03-05 16:29:42,949 INFO DataBaseConfigTest [main] Closing DB connection
2020-03-05 16:29:42,949 INFO DataBaseConfigTest [main] Create DB connection
2020-03-05 16:29:42,979 INFO DataBaseConfigTest [main] Closing Prepared Statement
2020-03-05 16:29:42,980 INFO DataBaseConfigTest [main] Closing DB connection
2020-03-05 16:30:26,178 INFO DataBaseConfigTest [main] Create DB connection
2020-03-05 16:30:28,572 INFO DataBaseConfigTest [main] Closing DB connection
2020-03-05 16:30:30,029 INFO DataBaseConfigTest [main] Create DB connection
2020-03-05 16:30:30,133 INFO DataBaseConfigTest [main] Closing DB connection
2020-03-05 16:30:30,136 INFO DataBaseConfigTest [main] Create DB connection
2020-03-05 16:30:30,214 INFO DataBaseConfigTest [main] Closing Result Set
2020-03-05 16:30:30,214 INFO DataBaseConfigTest [main] Closing Prepared Statement
2020-03-05 16:30:30,215 INFO DataBaseConfigTest [main] Closing DB connection
2020-03-05 16:30:30,216 INFO DataBaseConfigTest [main] Create DB connection
2020-03-05 16:30:30,256 INFO DataBaseConfigTest [main] Closing Prepared Statement
2020-03-05 16:30:30,258 INFO DataBaseConfigTest [main] Closing DB connection
2020-03-05 16:30:30,258 INFO DataBaseConfigTest [main] Create DB connection
2020-03-05 16:30:30,297 INFO DataBaseConfigTest [main] Closing DB connection
2020-03-05 16:30:30,298 INFO DataBaseConfigTest [main] Create DB connection
2020-03-05 16:30:30,342 INFO DataBaseConfigTest [main] Closing DB connection
2020-03-05 16:30:33,343 INFO DataBaseConfigTest [main] Create DB connection
2020-03-05 16:30:33,383 INFO DataBaseConfigTest [main] Closing Result Set
2020-03-05 16:30:33,383 INFO DataBaseConfigTest [main] Closing Prepared Statement
2020-03-05 16:30:33,385 INFO DataBaseConfigTest [main] Closing DB connection
2020-03-05 16:30:33,385 INFO DataBaseConfig [main] Create DB connection
2020-03-05 16:30:33,423 INFO DataBaseConfig [main] Closing DB connection
2020-03-05 16:30:33,423 INFO DataBaseConfigTest [main] Create DB connection
2020-03-05 16:30:33,469 INFO DataBaseConfigTest [main] Closing DB connection
2020-03-05 16:30:33,470 INFO DataBaseConfigTest [main] Create DB connection
2020-03-05 16:30:33,510 INFO DataBaseConfigTest [main] Closing Prepared Statement
2020-03-05 16:30:33,512 INFO DataBaseConfigTest [main] Closing DB connection
2020-03-05 16:30:33,515 INFO DataBaseConfigTest [main] Create DB connection
2020-03-05 16:30:33,639 INFO DataBaseConfigTest [main] Closing DB connection
2020-03-05 16:30:33,641 INFO DataBaseConfigTest [main] Create DB connection
2020-03-05 16:30:33,674 INFO DataBaseConfigTest [main] Closing Result Set
2020-03-05 16:30:33,675 INFO DataBaseConfigTest [main] Closing Prepared Statement
2020-03-05 16:30:33,676 INFO DataBaseConfigTest [main] Closing DB connection
2020-03-05 16:30:33,677 INFO DataBaseConfigTest [main] Create DB connection
2020-03-05 16:30:33,723 INFO DataBaseConfigTest [main] Closing Prepared Statement
2020-03-05 16:30:33,725 INFO DataBaseConfigTest [main] Closing DB connection
2020-03-05 16:30:33,725 INFO DataBaseConfigTest [main] Create DB connection
2020-03-05 16:30:33,768 INFO DataBaseConfigTest [main] Closing DB connection
2020-03-05 16:30:33,768 INFO DataBaseConfigTest [main] Create DB connection
2020-03-05 16:30:33,810 INFO DataBaseConfigTest [main] Closing DB connection
2020-03-05 16:30:33,903 INFO DataBaseConfig [main] Create DB connection
2020-03-05 16:30:33,941 INFO DataBaseConfig [main] Closing DB connection
2020-03-05 16:30:33,971 INFO DataBaseConfig [main] Create DB connection
2020-03-05 16:30:34,008 INFO DataBaseConfig [main] Closing DB connection
2020-03-05 17:03:19,826 INFO DataBaseConfigTest [main] Create DB connection
2020-03-05 17:03:21,475 INFO DataBaseConfigTest [main] Closing DB connection
2020-03-05 17:03:21,496 INFO DataBaseConfigTest [main] Create DB connection
2020-03-05 17:03:21,540 INFO DataBaseConfigTest [main] Closing Result Set
2020-03-05 17:03:21,540 INFO DataBaseConfigTest [main] Closing Prepared Statement
2020-03-05 17:03:21,547 INFO DataBaseConfigTest [main] Closing DB connection
2020-03-05 17:03:21,570 INFO DataBaseConfigTest [main] Create DB connection
2020-03-05 17:03:21,598 INFO DataBaseConfigTest [main] Closing Prepared Statement
2020-03-05 17:03:21,598 INFO DataBaseConfigTest [main] Closing DB connection
2020-03-05 17:03:21,599 INFO DataBaseConfigTest [main] Create DB connection
2020-03-05 17:03:21,625 INFO DataBaseConfigTest [main] Closing DB connection
2020-03-05 17:03:21,625 INFO DataBaseConfigTest [main] Create DB connection
2020-03-05 17:03:21,657 INFO DataBaseConfigTest [main] Closing DB connection
2020-03-05 17:03:24,658 INFO DataBaseConfigTest [main] Create DB connection
2020-03-05 17:03:24,685 INFO DataBaseConfigTest [main] Closing Result Set
2020-03-05 17:03:24,686 INFO DataBaseConfigTest [main] Closing Prepared Statement
2020-03-05 17:03:24,686 INFO DataBaseConfigTest [main] Closing DB connection
2020-03-05 17:03:24,687 INFO DataBaseConfig [main] Create DB connection
2020-03-05 17:03:24,718 INFO DataBaseConfig [main] Closing DB connection
2020-03-05 17:03:24,719 INFO DataBaseConfigTest [main] Create DB connection
2020-03-05 17:03:24,754 INFO DataBaseConfigTest [main] Closing DB connection
2020-03-05 17:03:24,755 INFO DataBaseConfigTest [main] Create DB connection
2020-03-05 17:03:24,799 INFO DataBaseConfigTest [main] Closing Prepared Statement
2020-03-05 17:03:24,800 INFO DataBaseConfigTest [main] Closing DB connection
2020-03-05 17:03:24,825 INFO DataBaseConfigTest [main] Create DB connection
2020-03-05 17:03:24,916 INFO DataBaseConfigTest [main] Closing DB connection
2020-03-05 17:03:24,917 INFO DataBaseConfigTest [main] Create DB connection
2020-03-05 17:03:24,951 INFO DataBaseConfigTest [main] Closing Result Set
2020-03-05 17:03:24,952 INFO DataBaseConfigTest [main] Closing Prepared Statement
2020-03-05 17:03:24,953 INFO DataBaseConfigTest [main] Closing DB connection
2020-03-05 17:03:24,953 INFO DataBaseConfigTest [main] Create DB connection
2020-03-05 17:03:24,983 INFO DataBaseConfigTest [main] Closing Prepared Statement
2020-03-05 17:03:24,984 INFO DataBaseConfigTest [main] Closing DB connection
2020-03-05 17:03:24,984 INFO DataBaseConfigTest [main] Create DB connection
2020-03-05 17:03:25,011 INFO DataBaseConfigTest [main] Closing DB connection
2020-03-05 17:03:25,012 INFO DataBaseConfigTest [main] Create DB connection
2020-03-05 17:03:25,045 INFO DataBaseConfigTest [main] Closing DB connection
2020-03-05 17:04:07,784 INFO DataBaseConfigTest [main] Create DB connection
2020-03-05 17:04:09,319 INFO DataBaseConfigTest [main] Closing DB connection
2020-03-05 17:04:09,342 INFO DataBaseConfigTest [main] Create DB connection
2020-03-05 17:04:09,378 INFO DataBaseConfigTest [main] Closing Result Set
2020-03-05 17:04:09,378 INFO DataBaseConfigTest [main] Closing Prepared Statement
2020-03-05 17:04:09,381 INFO DataBaseConfigTest [main] Closing DB connection
2020-03-05 17:04:09,384 INFO DataBaseConfigTest [main] Create DB connection
2020-03-05 17:04:09,414 INFO DataBaseConfigTest [main] Closing Prepared Statement
2020-03-05 17:04:09,415 INFO DataBaseConfigTest [main] Closing DB connection
2020-03-05 17:04:09,416 INFO DataBaseConfigTest [main] Create DB connection
2020-03-05 17:04:09,443 INFO DataBaseConfigTest [main] Closing DB connection
2020-03-05 17:04:09,444 INFO DataBaseConfigTest [main] Create DB connection
2020-03-05 17:04:09,477 INFO DataBaseConfigTest [main] Closing DB connection
2020-03-05 17:04:36,921 INFO DataBaseConfigTest [main] Create DB connection
2020-03-05 17:04:38,663 INFO DataBaseConfigTest [main] Closing DB connection
2020-03-05 17:04:38,683 INFO DataBaseConfigTest [main] Create DB connection
2020-03-05 17:04:38,723 INFO DataBaseConfigTest [main] Closing Result Set
2020-03-05 17:04:38,724 INFO DataBaseConfigTest [main] Closing Prepared Statement
2020-03-05 17:04:38,725 INFO DataBaseConfigTest [main] Closing DB connection
2020-03-05 17:04:38,729 INFO DataBaseConfigTest [main] Create DB connection
2020-03-05 17:04:38,759 INFO DataBaseConfigTest [main] Closing Prepared Statement
2020-03-05 17:04:38,760 INFO DataBaseConfigTest [main] Closing DB connection
2020-03-05 17:04:38,761 INFO DataBaseConfigTest [main] Create DB connection
2020-03-05 17:04:38,796 INFO DataBaseConfigTest [main] Closing DB connection
2020-03-05 17:04:38,796 INFO DataBaseConfigTest [main] Create DB connection
2020-03-05 17:04:38,834 INFO DataBaseConfigTest [main] Closing DB connection
2020-03-05 17:04:41,840 INFO DataBaseConfigTest [main] Create DB connection
2020-03-05 17:04:41,889 INFO DataBaseConfigTest [main] Closing Result Set
2020-03-05 17:04:41,889 INFO DataBaseConfigTest [main] Closing Prepared Statement
2020-03-05 17:04:41,891 INFO DataBaseConfigTest [main] Closing DB connection
2020-03-05 17:04:41,892 INFO DataBaseConfig [main] Create DB connection
2020-03-05 17:04:41,925 INFO DataBaseConfig [main] Closing DB connection
2020-03-05 17:04:41,925 INFO DataBaseConfigTest [main] Create DB connection
2020-03-05 17:04:41,967 INFO DataBaseConfigTest [main] Closing DB connection
2020-03-05 17:04:41,967 INFO DataBaseConfigTest [main] Create DB connection
2020-03-05 17:04:42,002 INFO DataBaseConfigTest [main] Closing Prepared Statement
2020-03-05 17:04:42,003 INFO DataBaseConfigTest [main] Closing DB connection
