09:46:02.408 [main] INFO  DataBaseConfigTest - Create DB connection
09:46:03.931 [main] INFO  DataBaseConfigTest - Closing DB connection
09:46:03.963 [main] INFO  DataBaseConfigTest - Create DB connection
09:46:04.011 [main] INFO  DataBaseConfigTest - Closing Result Set
09:46:04.011 [main] INFO  DataBaseConfigTest - Closing Prepared Statement
09:46:04.012 [main] INFO  DataBaseConfigTest - Closing DB connection
09:46:04.012 [main] INFO  DataBaseConfigTest - Create DB connection
09:46:04.041 [main] INFO  DataBaseConfigTest - Closing Prepared Statement
09:46:04.041 [main] INFO  DataBaseConfigTest - Closing DB connection
09:46:04.041 [main] INFO  DataBaseConfigTest - Create DB connection
09:46:04.073 [main] INFO  DataBaseConfigTest - Closing DB connection
11:11:20.887 [main] INFO  DataBaseConfigTest - Create DB connection
11:11:21.862 [main] INFO  DataBaseConfigTest - Closing DB connection
11:11:21.880 [main] INFO  DataBaseConfigTest - Create DB connection
11:11:21.911 [main] INFO  DataBaseConfigTest - Closing Result Set
11:11:21.912 [main] INFO  DataBaseConfigTest - Closing Prepared Statement
11:11:21.912 [main] INFO  DataBaseConfigTest - Closing DB connection
11:11:21.912 [main] INFO  DataBaseConfigTest - Create DB connection
11:11:21.935 [main] INFO  DataBaseConfigTest - Closing Prepared Statement
11:11:21.936 [main] INFO  DataBaseConfigTest - Closing DB connection
11:11:21.937 [main] INFO  DataBaseConfigTest - Create DB connection
11:11:21.964 [main] INFO  DataBaseConfigTest - Closing DB connection
13:06:50.744 [main] INFO  DataBaseConfigTest - Create DB connection
13:06:58.975 [main] INFO  DataBaseConfigTest - Closing DB connection
13:10:57.413 [main] INFO  DataBaseConfigTest - Create DB connection
13:10:57.449 [main] INFO  DataBaseConfigTest - Closing Result Set
13:10:57.449 [main] INFO  DataBaseConfigTest - Closing Prepared Statement
13:10:57.449 [main] INFO  DataBaseConfigTest - Closing DB connection
13:10:57.449 [main] ERROR ParkingService - Unable to process exiting vehicle
java.lang.NullPointerException
	at com.parkit.parkingsystem.service.ParkingService.processExitingVehicle(ParkingService.java:104) ~[classes/:?]
	at com.parkit.parkingsystem.integration.service.ParkingDataBaseItTest.testParkingLotExit(ParkingDataBaseItTest.java:75) ~[test-classes/:?]
	at sun.reflect.NativeMethodAccessorImpl.invoke0(Native Method) ~[?:1.8.0_131]
	at sun.reflect.NativeMethodAccessorImpl.invoke(NativeMethodAccessorImpl.java:62) ~[?:1.8.0_131]
	at sun.reflect.DelegatingMethodAccessorImpl.invoke(DelegatingMethodAccessorImpl.java:43) ~[?:1.8.0_131]
	at java.lang.reflect.Method.invoke(Method.java:498) ~[?:1.8.0_131]
	at org.junit.platform.commons.util.ReflectionUtils.invokeMethod(ReflectionUtils.java:686) ~[junit-platform-commons-1.6.0.jar:1.6.0]
	at org.junit.jupiter.engine.execution.MethodInvocation.proceed(MethodInvocation.java:60) ~[junit-jupiter-engine-5.6.0.jar:5.6.0]
	at org.junit.jupiter.engine.execution.InvocationInterceptorChain$ValidatingInvocation.proceed(InvocationInterceptorChain.java:131) ~[junit-jupiter-engine-5.6.0.jar:5.6.0]
	at org.junit.jupiter.engine.extension.TimeoutExtension.intercept(TimeoutExtension.java:149) ~[junit-jupiter-engine-5.6.0.jar:5.6.0]
	at org.junit.jupiter.engine.extension.TimeoutExtension.interceptTestableMethod(TimeoutExtension.java:140) ~[junit-jupiter-engine-5.6.0.jar:5.6.0]
	at org.junit.jupiter.engine.extension.TimeoutExtension.interceptTestMethod(TimeoutExtension.java:84) ~[junit-jupiter-engine-5.6.0.jar:5.6.0]
	at org.junit.jupiter.engine.execution.ExecutableInvoker$ReflectiveInterceptorCall.lambda$ofVoidMethod$0(ExecutableInvoker.java:115) ~[junit-jupiter-engine-5.6.0.jar:5.6.0]
	at org.junit.jupiter.engine.execution.ExecutableInvoker.lambda$invoke$0(ExecutableInvoker.java:105) ~[junit-jupiter-engine-5.6.0.jar:5.6.0]
	at org.junit.jupiter.engine.execution.InvocationInterceptorChain$InterceptedInvocation.proceed(InvocationInterceptorChain.java:106) ~[junit-jupiter-engine-5.6.0.jar:5.6.0]
	at org.junit.jupiter.engine.execution.InvocationInterceptorChain.proceed(InvocationInterceptorChain.java:64) ~[junit-jupiter-engine-5.6.0.jar:5.6.0]
	at org.junit.jupiter.engine.execution.InvocationInterceptorChain.chainAndInvoke(InvocationInterceptorChain.java:45) ~[junit-jupiter-engine-5.6.0.jar:5.6.0]
	at org.junit.jupiter.engine.execution.InvocationInterceptorChain.invoke(InvocationInterceptorChain.java:37) ~[junit-jupiter-engine-5.6.0.jar:5.6.0]
	at org.junit.jupiter.engine.execution.ExecutableInvoker.invoke(ExecutableInvoker.java:104) ~[junit-jupiter-engine-5.6.0.jar:5.6.0]
	at org.junit.jupiter.engine.execution.ExecutableInvoker.invoke(ExecutableInvoker.java:98) ~[junit-jupiter-engine-5.6.0.jar:5.6.0]
	at org.junit.jupiter.engine.descriptor.TestMethodTestDescriptor.lambda$invokeTestMethod$6(TestMethodTestDescriptor.java:205) ~[junit-jupiter-engine-5.6.0.jar:5.6.0]
	at org.junit.platform.engine.support.hierarchical.ThrowableCollector.execute(ThrowableCollector.java:73) ~[junit-platform-engine-1.6.0.jar:1.6.0]
	at org.junit.jupiter.engine.descriptor.TestMethodTestDescriptor.invokeTestMethod(TestMethodTestDescriptor.java:201) ~[junit-jupiter-engine-5.6.0.jar:5.6.0]
	at org.junit.jupiter.engine.descriptor.TestMethodTestDescriptor.execute(TestMethodTestDescriptor.java:137) ~[junit-jupiter-engine-5.6.0.jar:5.6.0]
	at org.junit.jupiter.engine.descriptor.TestMethodTestDescriptor.execute(TestMethodTestDescriptor.java:71) ~[junit-jupiter-engine-5.6.0.jar:5.6.0]
	at org.junit.platform.engine.support.hierarchical.NodeTestTask.lambda$executeRecursively$5(NodeTestTask.java:135) ~[junit-platform-engine-1.6.0.jar:1.6.0]
	at org.junit.platform.engine.support.hierarchical.ThrowableCollector.execute(ThrowableCollector.java:73) ~[junit-platform-engine-1.6.0.jar:1.6.0]
	at org.junit.platform.engine.support.hierarchical.NodeTestTask.lambda$executeRecursively$7(NodeTestTask.java:125) ~[junit-platform-engine-1.6.0.jar:1.6.0]
	at org.junit.platform.engine.support.hierarchical.Node.around(Node.java:135) ~[junit-platform-engine-1.6.0.jar:1.6.0]
	at org.junit.platform.engine.support.hierarchical.NodeTestTask.lambda$executeRecursively$8(NodeTestTask.java:123) ~[junit-platform-engine-1.6.0.jar:1.6.0]
	at org.junit.platform.engine.support.hierarchical.ThrowableCollector.execute(ThrowableCollector.java:73) ~[junit-platform-engine-1.6.0.jar:1.6.0]
	at org.junit.platform.engine.support.hierarchical.NodeTestTask.executeRecursively(NodeTestTask.java:122) ~[junit-platform-engine-1.6.0.jar:1.6.0]
	at org.junit.platform.engine.support.hierarchical.NodeTestTask.execute(NodeTestTask.java:80) ~[junit-platform-engine-1.6.0.jar:1.6.0]
	at java.util.ArrayList.forEach(ArrayList.java:1249) ~[?:1.8.0_131]
	at org.junit.platform.engine.support.hierarchical.SameThreadHierarchicalTestExecutorService.invokeAll(SameThreadHierarchicalTestExecutorService.java:38) ~[junit-platform-engine-1.6.0.jar:1.6.0]
	at org.junit.platform.engine.support.hierarchical.NodeTestTask.lambda$executeRecursively$5(NodeTestTask.java:139) ~[junit-platform-engine-1.6.0.jar:1.6.0]
	at org.junit.platform.engine.support.hierarchical.ThrowableCollector.execute(ThrowableCollector.java:73) ~[junit-platform-engine-1.6.0.jar:1.6.0]
	at org.junit.platform.engine.support.hierarchical.NodeTestTask.lambda$executeRecursively$7(NodeTestTask.java:125) ~[junit-platform-engine-1.6.0.jar:1.6.0]
	at org.junit.platform.engine.support.hierarchical.Node.around(Node.java:135) ~[junit-platform-engine-1.6.0.jar:1.6.0]
	at org.junit.platform.engine.support.hierarchical.NodeTestTask.lambda$executeRecursively$8(NodeTestTask.java:123) ~[junit-platform-engine-1.6.0.jar:1.6.0]
	at org.junit.platform.engine.support.hierarchical.ThrowableCollector.execute(ThrowableCollector.java:73) ~[junit-platform-engine-1.6.0.jar:1.6.0]
	at org.junit.platform.engine.support.hierarchical.NodeTestTask.executeRecursively(NodeTestTask.java:122) ~[junit-platform-engine-1.6.0.jar:1.6.0]
	at org.junit.platform.engine.support.hierarchical.NodeTestTask.execute(NodeTestTask.java:80) ~[junit-platform-engine-1.6.0.jar:1.6.0]
	at java.util.ArrayList.forEach(ArrayList.java:1249) ~[?:1.8.0_131]
	at org.junit.platform.engine.support.hierarchical.SameThreadHierarchicalTestExecutorService.invokeAll(SameThreadHierarchicalTestExecutorService.java:38) ~[junit-platform-engine-1.6.0.jar:1.6.0]
	at org.junit.platform.engine.support.hierarchical.NodeTestTask.lambda$executeRecursively$5(NodeTestTask.java:139) ~[junit-platform-engine-1.6.0.jar:1.6.0]
	at org.junit.platform.engine.support.hierarchical.ThrowableCollector.execute(ThrowableCollector.java:73) ~[junit-platform-engine-1.6.0.jar:1.6.0]
	at org.junit.platform.engine.support.hierarchical.NodeTestTask.lambda$executeRecursively$7(NodeTestTask.java:125) ~[junit-platform-engine-1.6.0.jar:1.6.0]
	at org.junit.platform.engine.support.hierarchical.Node.around(Node.java:135) ~[junit-platform-engine-1.6.0.jar:1.6.0]
	at org.junit.platform.engine.support.hierarchical.NodeTestTask.lambda$executeRecursively$8(NodeTestTask.java:123) ~[junit-platform-engine-1.6.0.jar:1.6.0]
	at org.junit.platform.engine.support.hierarchical.ThrowableCollector.execute(ThrowableCollector.java:73) ~[junit-platform-engine-1.6.0.jar:1.6.0]
	at org.junit.platform.engine.support.hierarchical.NodeTestTask.executeRecursively(NodeTestTask.java:122) ~[junit-platform-engine-1.6.0.jar:1.6.0]
	at org.junit.platform.engine.support.hierarchical.NodeTestTask.execute(NodeTestTask.java:80) ~[junit-platform-engine-1.6.0.jar:1.6.0]
	at org.junit.platform.engine.support.hierarchical.SameThreadHierarchicalTestExecutorService.submit(SameThreadHierarchicalTestExecutorService.java:32) ~[junit-platform-engine-1.6.0.jar:1.6.0]
	at org.junit.platform.engine.support.hierarchical.HierarchicalTestExecutor.execute(HierarchicalTestExecutor.java:57) ~[junit-platform-engine-1.6.0.jar:1.6.0]
	at org.junit.platform.engine.support.hierarchical.HierarchicalTestEngine.execute(HierarchicalTestEngine.java:51) ~[junit-platform-engine-1.6.0.jar:1.6.0]
	at org.junit.platform.launcher.core.DefaultLauncher.execute(DefaultLauncher.java:248) ~[junit-platform-launcher-1.6.0.jar:1.6.0]
	at org.junit.platform.launcher.core.DefaultLauncher.lambda$execute$5(DefaultLauncher.java:211) ~[junit-platform-launcher-1.6.0.jar:1.6.0]
	at org.junit.platform.launcher.core.DefaultLauncher.withInterceptedStreams(DefaultLauncher.java:226) [junit-platform-launcher-1.6.0.jar:1.6.0]
	at org.junit.platform.launcher.core.DefaultLauncher.execute(DefaultLauncher.java:199) [junit-platform-launcher-1.6.0.jar:1.6.0]
	at org.junit.platform.launcher.core.DefaultLauncher.execute(DefaultLauncher.java:132) [junit-platform-launcher-1.6.0.jar:1.6.0]
	at com.intellij.junit5.JUnit5IdeaTestRunner.startRunnerWithArgs(JUnit5IdeaTestRunner.java:69) [junit5-rt.jar:?]
	at com.intellij.rt.junit.IdeaTestRunner$Repeater.startRunnerWithArgs(IdeaTestRunner.java:33) [junit-rt.jar:?]
	at com.intellij.rt.junit.JUnitStarter.prepareStreamsAndStart(JUnitStarter.java:230) [junit-rt.jar:?]
	at com.intellij.rt.junit.JUnitStarter.main(JUnitStarter.java:58) [junit-rt.jar:?]
13:11:05.549 [main] INFO  DataBaseConfigTest - Create DB connection
13:11:32.216 [main] INFO  DataBaseConfigTest - Create DB connection
13:11:33.165 [main] INFO  DataBaseConfigTest - Closing DB connection
13:11:33.182 [main] INFO  DataBaseConfigTest - Create DB connection
13:11:33.199 [main] INFO  DataBaseConfigTest - Closing Result Set
13:11:33.199 [main] INFO  DataBaseConfigTest - Closing Prepared Statement
13:11:33.199 [main] INFO  DataBaseConfigTest - Closing DB connection
13:11:33.199 [main] INFO  DataBaseConfigTest - Create DB connection
13:11:33.231 [main] INFO  DataBaseConfigTest - Closing Prepared Statement
13:11:33.232 [main] INFO  DataBaseConfigTest - Closing DB connection
13:11:33.232 [main] INFO  DataBaseConfigTest - Create DB connection
13:11:33.249 [main] INFO  DataBaseConfigTest - Closing DB connection
13:12:03.846 [main] INFO  DataBaseConfigTest - Create DB connection
13:12:03.971 [main] INFO  DataBaseConfigTest - Closing Result Set
13:12:03.971 [main] INFO  DataBaseConfigTest - Closing Prepared Statement
13:12:03.971 [main] INFO  DataBaseConfigTest - Closing DB connection
13:12:03.971 [main] INFO  DataBaseConfigTest - Create DB connection
13:12:04.090 [main] INFO  DataBaseConfigTest - Closing DB connection
13:12:04.099 [main] INFO  DataBaseConfigTest - Create DB connection
13:12:04.247 [main] INFO  DataBaseConfigTest - Closing Prepared Statement
13:12:04.254 [main] INFO  DataBaseConfigTest - Closing DB connection
13:12:55.816 [main] INFO  DataBaseConfigTest - Create DB connection
13:12:56.799 [main] INFO  DataBaseConfigTest - Closing DB connection
13:12:56.833 [main] INFO  DataBaseConfigTest - Create DB connection
13:12:56.849 [main] INFO  DataBaseConfigTest - Closing Result Set
13:12:56.849 [main] INFO  DataBaseConfigTest - Closing Prepared Statement
13:12:56.849 [main] INFO  DataBaseConfigTest - Closing DB connection
13:12:56.849 [main] INFO  DataBaseConfigTest - Create DB connection
13:12:56.874 [main] INFO  DataBaseConfigTest - Closing Prepared Statement
13:12:56.874 [main] INFO  DataBaseConfigTest - Closing DB connection
13:12:56.874 [main] INFO  DataBaseConfigTest - Create DB connection
13:12:56.900 [main] INFO  DataBaseConfigTest - Closing DB connection
13:13:37.183 [main] INFO  DataBaseConfigTest - Create DB connection
13:13:37.320 [main] INFO  DataBaseConfigTest - Closing Result Set
13:13:37.321 [main] INFO  DataBaseConfigTest - Closing Prepared Statement
13:13:37.323 [main] INFO  DataBaseConfigTest - Closing DB connection
13:13:37.326 [main] INFO  DataBaseConfigTest - Create DB connection
13:13:37.450 [main] INFO  DataBaseConfigTest - Closing DB connection
13:13:37.450 [main] INFO  DataBaseConfigTest - Create DB connection
13:13:37.571 [main] INFO  DataBaseConfigTest - Closing Prepared Statement
13:13:37.583 [main] INFO  DataBaseConfigTest - Closing DB connection
13:15:25.867 [main] INFO  DataBaseConfigTest - Create DB connection
13:15:26.101 [main] INFO  DataBaseConfigTest - Closing DB connection
13:15:46.862 [main] INFO  DataBaseConfigTest - Create DB connection
13:15:46.984 [main] INFO  DataBaseConfigTest - Closing Result Set
13:15:46.984 [main] INFO  DataBaseConfigTest - Closing Prepared Statement
13:15:46.984 [main] INFO  DataBaseConfigTest - Closing DB connection
13:15:46.984 [main] INFO  DataBaseConfigTest - Create DB connection
13:15:47.101 [main] INFO  DataBaseConfigTest - Closing Prepared Statement
13:15:47.101 [main] INFO  DataBaseConfigTest - Closing DB connection
13:15:47.101 [main] INFO  DataBaseConfigTest - Create DB connection
13:15:47.233 [main] INFO  DataBaseConfigTest - Closing DB connection
13:16:24.512 [main] INFO  DataBaseConfigTest - Create DB connection
13:16:25.418 [main] INFO  DataBaseConfigTest - Closing DB connection
13:16:25.434 [main] INFO  DataBaseConfigTest - Create DB connection
13:16:25.451 [main] INFO  DataBaseConfigTest - Closing Result Set
13:16:25.451 [main] INFO  DataBaseConfigTest - Closing Prepared Statement
13:16:25.451 [main] INFO  DataBaseConfigTest - Closing DB connection
13:16:25.483 [main] INFO  DataBaseConfigTest - Create DB connection
13:16:25.501 [main] INFO  DataBaseConfigTest - Closing Prepared Statement
13:16:25.501 [main] INFO  DataBaseConfigTest - Closing DB connection
13:16:25.504 [main] INFO  DataBaseConfigTest - Create DB connection
13:16:25.518 [main] INFO  DataBaseConfigTest - Closing DB connection
13:16:28.518 [main] INFO  DataBaseConfigTest - Create DB connection
13:16:28.518 [main] INFO  DataBaseConfigTest - Closing Result Set
13:16:28.518 [main] INFO  DataBaseConfigTest - Closing Prepared Statement
13:16:28.518 [main] INFO  DataBaseConfigTest - Closing DB connection
13:16:28.534 [main] INFO  DataBaseConfigTest - Create DB connection
13:16:28.555 [main] INFO  DataBaseConfigTest - Closing DB connection
13:16:28.555 [main] INFO  DataBaseConfigTest - Create DB connection
13:16:28.572 [main] INFO  DataBaseConfigTest - Closing Prepared Statement
13:16:28.572 [main] INFO  DataBaseConfigTest - Closing DB connection
13:16:28.572 [main] INFO  DataBaseConfigTest - Create DB connection
13:16:28.634 [main] INFO  DataBaseConfigTest - Closing DB connection
13:16:28.634 [main] INFO  DataBaseConfigTest - Create DB connection
13:16:28.651 [main] INFO  DataBaseConfigTest - Closing Result Set
13:16:28.651 [main] INFO  DataBaseConfigTest - Closing Prepared Statement
13:16:28.651 [main] INFO  DataBaseConfigTest - Closing DB connection
13:16:28.651 [main] INFO  DataBaseConfigTest - Create DB connection
13:16:28.668 [main] INFO  DataBaseConfigTest - Closing Prepared Statement
13:16:28.668 [main] INFO  DataBaseConfigTest - Closing DB connection
13:16:28.668 [main] INFO  DataBaseConfigTest - Create DB connection
13:16:28.684 [main] INFO  DataBaseConfigTest - Closing DB connection
13:48:56.422 [main] INFO  App - Initializing Parking System
13:48:56.424 [main] INFO  InteractiveShell - App initialized!!!
13:57:08.836 [main] INFO  DataBaseConfigTest - Create DB connection
13:57:10.146 [main] INFO  DataBaseConfigTest - Closing DB connection
13:57:10.629 [main] INFO  DataBaseConfigTest - Create DB connection
13:57:10.710 [main] INFO  DataBaseConfigTest - Closing DB connection
13:57:10.727 [main] INFO  DataBaseConfigTest - Create DB connection
13:57:10.760 [main] INFO  DataBaseConfigTest - Closing Result Set
13:57:10.760 [main] INFO  DataBaseConfigTest - Closing Prepared Statement
13:57:10.760 [main] INFO  DataBaseConfigTest - Closing DB connection
13:57:10.760 [main] INFO  DataBaseConfigTest - Create DB connection
13:57:10.777 [main] INFO  DataBaseConfigTest - Closing Prepared Statement
13:57:10.777 [main] INFO  DataBaseConfigTest - Closing DB connection
13:57:10.777 [main] INFO  DataBaseConfigTest - Create DB connection
13:57:10.810 [main] INFO  DataBaseConfigTest - Closing DB connection
13:57:13.824 [main] INFO  DataBaseConfigTest - Create DB connection
13:57:13.843 [main] INFO  DataBaseConfigTest - Closing Result Set
13:57:13.843 [main] INFO  DataBaseConfigTest - Closing Prepared Statement
13:57:13.843 [main] INFO  DataBaseConfigTest - Closing DB connection
13:57:13.843 [main] INFO  DataBaseConfigTest - Create DB connection
13:57:13.866 [main] INFO  DataBaseConfigTest - Closing DB connection
13:57:13.866 [main] INFO  DataBaseConfigTest - Create DB connection
13:57:13.893 [main] INFO  DataBaseConfigTest - Closing Prepared Statement
13:57:13.893 [main] INFO  DataBaseConfigTest - Closing DB connection
13:57:13.893 [main] INFO  DataBaseConfigTest - Create DB connection
13:57:13.943 [main] INFO  DataBaseConfigTest - Closing DB connection
13:57:13.943 [main] INFO  DataBaseConfigTest - Create DB connection
13:57:13.960 [main] INFO  DataBaseConfigTest - Closing Result Set
13:57:13.960 [main] INFO  DataBaseConfigTest - Closing Prepared Statement
13:57:13.960 [main] INFO  DataBaseConfigTest - Closing DB connection
13:57:13.960 [main] INFO  DataBaseConfigTest - Create DB connection
13:57:13.977 [main] INFO  DataBaseConfigTest - Closing Prepared Statement
13:57:13.977 [main] INFO  DataBaseConfigTest - Closing DB connection
13:57:13.977 [main] INFO  DataBaseConfigTest - Create DB connection
13:57:13.993 [main] INFO  DataBaseConfigTest - Closing DB connection
14:22:48.001 [main] INFO  App - Initializing Parking System
14:22:48.001 [main] INFO  InteractiveShell - App initialized!!!
14:23:19.895 [main] INFO  DataBaseConfig - Create DB connection
14:23:20.778 [main] INFO  DataBaseConfig - Closing Result Set
14:23:20.778 [main] INFO  DataBaseConfig - Closing Prepared Statement
14:23:20.778 [main] INFO  DataBaseConfig - Closing DB connection
14:23:22.845 [main] INFO  DataBaseConfig - Create DB connection
14:23:22.862 [main] INFO  DataBaseConfig - Closing Prepared Statement
14:23:22.876 [main] INFO  DataBaseConfig - Closing DB connection
14:23:22.876 [main] INFO  DataBaseConfig - Create DB connection
14:23:22.895 [main] INFO  DataBaseConfig - Closing DB connection
14:26:03.597 [main] INFO  DataBaseConfig - Create DB connection
14:26:03.614 [main] INFO  DataBaseConfig - Closing Result Set
14:26:03.614 [main] INFO  DataBaseConfig - Closing Prepared Statement
14:26:03.615 [main] INFO  DataBaseConfig - Closing DB connection
14:26:26.785 [main] INFO  DataBaseConfig - Create DB connection
14:26:26.929 [main] INFO  DataBaseConfig - Closing DB connection
14:26:28.461 [main] INFO  DataBaseConfig - Create DB connection
14:26:28.615 [main] INFO  DataBaseConfig - Closing Prepared Statement
14:26:28.615 [main] INFO  DataBaseConfig - Closing DB connection
14:27:44.678 [main] INFO  App - Initializing Parking System
14:27:44.695 [main] INFO  InteractiveShell - App initialized!!!
14:27:54.434 [main] INFO  DataBaseConfig - Create DB connection
14:27:55.319 [main] INFO  DataBaseConfig - Closing Result Set
14:27:55.319 [main] INFO  DataBaseConfig - Closing Prepared Statement
14:27:55.319 [main] INFO  DataBaseConfig - Closing DB connection
14:27:57.308 [main] INFO  DataBaseConfig - Create DB connection
14:27:57.331 [main] INFO  DataBaseConfig - Closing Prepared Statement
14:27:57.332 [main] INFO  DataBaseConfig - Closing DB connection
14:27:57.333 [main] INFO  DataBaseConfig - Create DB connection
14:27:57.361 [main] INFO  DataBaseConfig - Closing DB connection
14:28:18.945 [main] INFO  DataBaseConfig - Create DB connection
14:28:18.962 [main] INFO  DataBaseConfig - Closing Result Set
14:28:18.962 [main] INFO  DataBaseConfig - Closing Prepared Statement
14:28:18.962 [main] INFO  DataBaseConfig - Closing DB connection
14:34:20.228 [main] INFO  DataBaseConfig - Create DB connection
14:34:20.255 [main] INFO  DataBaseConfig - Closing DB connection
14:34:20.255 [main] INFO  DataBaseConfig - Create DB connection
14:34:25.911 [main] INFO  App - Initializing Parking System
14:34:25.912 [main] INFO  InteractiveShell - App initialized!!!
14:34:29.529 [main] INFO  DataBaseConfig - Create DB connection
14:34:30.462 [main] INFO  DataBaseConfig - Closing Result Set
14:34:30.462 [main] INFO  DataBaseConfig - Closing Prepared Statement
14:34:30.462 [main] INFO  DataBaseConfig - Closing DB connection
14:34:31.229 [main] INFO  DataBaseConfig - Create DB connection
14:34:31.252 [main] INFO  DataBaseConfig - Closing Prepared Statement
14:34:31.252 [main] INFO  DataBaseConfig - Closing DB connection
14:34:31.262 [main] INFO  DataBaseConfig - Create DB connection
14:34:31.279 [main] INFO  DataBaseConfig - Closing DB connection
14:34:43.946 [main] INFO  DataBaseConfig - Create DB connection
14:34:43.962 [main] INFO  DataBaseConfig - Closing Result Set
14:34:43.962 [main] INFO  DataBaseConfig - Closing Prepared Statement
14:34:43.962 [main] INFO  DataBaseConfig - Closing DB connection
14:36:43.929 [main] INFO  DataBaseConfig - Create DB connection
14:36:43.953 [main] INFO  DataBaseConfig - Closing DB connection
14:36:43.953 [main] INFO  DataBaseConfig - Create DB connection
14:36:43.962 [main] INFO  DataBaseConfig - Closing Prepared Statement
14:36:43.962 [main] INFO  DataBaseConfig - Closing DB connection
14:36:50.329 [main] INFO  App - Initializing Parking System
14:36:50.329 [main] INFO  InteractiveShell - App initialized!!!
14:36:54.287 [main] INFO  DataBaseConfig - Create DB connection
14:36:55.162 [main] INFO  DataBaseConfig - Closing Result Set
14:36:55.162 [main] INFO  DataBaseConfig - Closing Prepared Statement
14:36:55.162 [main] INFO  DataBaseConfig - Closing DB connection
14:36:55.162 [main] INFO  DataBaseConfig - Create DB connection
14:36:55.183 [main] INFO  DataBaseConfig - Closing Prepared Statement
14:36:55.183 [main] INFO  DataBaseConfig - Closing DB connection
14:36:55.183 [main] INFO  DataBaseConfig - Create DB connection
14:36:55.196 [main] INFO  DataBaseConfig - Closing DB connection
14:37:20.146 [main] INFO  DataBaseConfig - Create DB connection
14:37:20.163 [main] INFO  DataBaseConfig - Closing Result Set
14:37:20.163 [main] INFO  DataBaseConfig - Closing Prepared Statement
14:37:20.163 [main] INFO  DataBaseConfig - Closing DB connection
14:37:57.679 [main] INFO  DataBaseConfig - Create DB connection
14:37:57.862 [main] INFO  DataBaseConfig - Closing DB connection
14:37:58.496 [main] INFO  DataBaseConfig - Create DB connection
14:37:58.663 [main] INFO  DataBaseConfig - Closing Prepared Statement
14:37:58.663 [main] INFO  DataBaseConfig - Closing DB connection
14:39:13.996 [main] INFO  App - Initializing Parking System
14:39:13.996 [main] INFO  InteractiveShell - App initialized!!!
14:39:17.746 [main] INFO  DataBaseConfig - Create DB connection
14:39:18.696 [main] INFO  DataBaseConfig - Closing Result Set
14:39:18.696 [main] INFO  DataBaseConfig - Closing Prepared Statement
14:39:18.696 [main] INFO  DataBaseConfig - Closing DB connection
14:39:21.099 [main] INFO  DataBaseConfig - Create DB connection
14:39:21.130 [main] INFO  DataBaseConfig - Closing Prepared Statement
14:39:21.130 [main] INFO  DataBaseConfig - Closing DB connection
14:39:21.130 [main] INFO  DataBaseConfig - Create DB connection
14:39:21.161 [main] INFO  DataBaseConfig - Closing DB connection
14:39:25.692 [main] INFO  DataBaseConfig - Create DB connection
14:39:25.715 [main] INFO  DataBaseConfig - Closing Result Set
14:39:25.715 [main] INFO  DataBaseConfig - Closing Prepared Statement
14:39:25.715 [main] INFO  DataBaseConfig - Closing DB connection
14:39:29.446 [main] INFO  DataBaseConfig - Create DB connection
14:39:29.462 [main] INFO  DataBaseConfig - Closing Prepared Statement
14:39:29.462 [main] INFO  DataBaseConfig - Closing DB connection
14:39:29.462 [main] INFO  DataBaseConfig - Create DB connection
14:39:29.488 [main] INFO  DataBaseConfig - Closing DB connection
14:40:04.163 [main] INFO  DataBaseConfig - Create DB connection
14:40:04.179 [main] INFO  DataBaseConfig - Closing Result Set
14:40:04.179 [main] INFO  DataBaseConfig - Closing Prepared Statement
14:40:04.179 [main] INFO  DataBaseConfig - Closing DB connection
14:40:13.567 [main] INFO  DataBaseConfig - Create DB connection
14:40:13.713 [main] INFO  DataBaseConfig - Closing DB connection
14:40:14.029 [main] INFO  DataBaseConfig - Create DB connection
14:40:14.179 [main] INFO  DataBaseConfig - Closing Prepared Statement
14:40:14.179 [main] INFO  DataBaseConfig - Closing DB connection
14:40:36.596 [main] ERROR InputReaderUtil - Error while reading user input from Shell
java.lang.NumberFormatException: For input string: ""
	at java.lang.NumberFormatException.forInputString(NumberFormatException.java:65) ~[?:1.8.0_131]
	at java.lang.Integer.parseInt(Integer.java:592) ~[?:1.8.0_131]
	at java.lang.Integer.parseInt(Integer.java:615) ~[?:1.8.0_131]
	at com.parkit.parkingsystem.util.InputReaderUtil.readSelection(InputReaderUtil.java:15) [classes/:?]
	at com.parkit.parkingsystem.service.InteractiveShell.loadInterface(InteractiveShell.java:25) [classes/:?]
	at com.parkit.parkingsystem.App.main(App.java:11) [classes/:?]
14:40:52.563 [main] INFO  DataBaseConfig - Create DB connection
14:40:52.685 [main] INFO  DataBaseConfig - Closing Result Set
14:40:52.685 [main] INFO  DataBaseConfig - Closing Prepared Statement
14:40:52.696 [main] INFO  DataBaseConfig - Closing DB connection
14:41:06.251 [main] INFO  DataBaseConfig - Create DB connection
14:41:06.378 [main] INFO  DataBaseConfig - Closing DB connection
14:41:07.396 [main] INFO  DataBaseConfig - Create DB connection
14:41:07.513 [main] INFO  DataBaseConfig - Closing Prepared Statement
14:41:07.513 [main] INFO  DataBaseConfig - Closing DB connection
14:49:28.479 [main] INFO  App - Initializing Parking System
14:49:28.479 [main] INFO  InteractiveShell - App initialized!!!
14:49:33.496 [main] INFO  DataBaseConfig - Create DB connection
14:49:34.363 [main] INFO  DataBaseConfig - Closing Result Set
14:49:34.363 [main] INFO  DataBaseConfig - Closing Prepared Statement
14:49:34.363 [main] INFO  DataBaseConfig - Closing DB connection
14:49:36.332 [main] INFO  DataBaseConfig - Create DB connection
14:49:36.351 [main] INFO  DataBaseConfig - Closing Prepared Statement
14:49:36.351 [main] INFO  DataBaseConfig - Closing DB connection
14:49:36.352 [main] INFO  DataBaseConfig - Create DB connection
14:49:36.376 [main] INFO  DataBaseConfig - Closing DB connection
14:49:52.935 [main] INFO  DataBaseConfig - Create DB connection
14:49:52.951 [main] INFO  DataBaseConfig - Closing Result Set
14:49:52.951 [main] INFO  DataBaseConfig - Closing Prepared Statement
14:49:52.951 [main] INFO  DataBaseConfig - Closing DB connection
14:51:38.763 [main] INFO  DataBaseConfig - Create DB connection
14:51:38.813 [main] INFO  DataBaseConfig - Closing DB connection
14:51:38.813 [main] INFO  DataBaseConfig - Create DB connection
14:51:38.813 [main] INFO  DataBaseConfig - Closing Prepared Statement
14:51:38.828 [main] INFO  DataBaseConfig - Closing DB connection
14:51:50.436 [main] INFO  App - Initializing Parking System
14:51:50.451 [main] INFO  InteractiveShell - App initialized!!!
14:51:55.962 [main] INFO  DataBaseConfig - Create DB connection
14:51:56.830 [main] INFO  DataBaseConfig - Closing Result Set
14:51:56.830 [main] INFO  DataBaseConfig - Closing Prepared Statement
14:51:56.830 [main] INFO  DataBaseConfig - Closing DB connection
14:51:58.245 [main] INFO  DataBaseConfig - Create DB connection
14:51:58.272 [main] INFO  DataBaseConfig - Closing Prepared Statement
14:51:58.272 [main] INFO  DataBaseConfig - Closing DB connection
14:51:58.272 [main] INFO  DataBaseConfig - Create DB connection
14:51:58.296 [main] INFO  DataBaseConfig - Closing DB connection
14:52:26.544 [main] INFO  DataBaseConfig - Create DB connection
14:52:26.563 [main] INFO  DataBaseConfig - Closing Result Set
14:52:26.563 [main] INFO  DataBaseConfig - Closing Prepared Statement
14:52:26.563 [main] INFO  DataBaseConfig - Closing DB connection
14:53:17.230 [main] INFO  DataBaseConfig - Create DB connection
14:53:17.381 [main] INFO  DataBaseConfig - Closing DB connection
14:53:17.680 [main] INFO  DataBaseConfig - Create DB connection
14:53:17.839 [main] INFO  DataBaseConfig - Closing Prepared Statement
14:53:17.846 [main] INFO  DataBaseConfig - Closing DB connection
14:53:54.980 [main] INFO  App - Initializing Parking System
14:53:54.980 [main] INFO  InteractiveShell - App initialized!!!
14:53:57.663 [main] INFO  DataBaseConfig - Create DB connection
14:53:58.600 [main] INFO  DataBaseConfig - Closing Result Set
14:53:58.600 [main] INFO  DataBaseConfig - Closing Prepared Statement
14:53:58.600 [main] INFO  DataBaseConfig - Closing DB connection
14:54:00.146 [main] INFO  DataBaseConfig - Create DB connection
14:54:00.172 [main] INFO  DataBaseConfig - Closing Prepared Statement
14:54:00.180 [main] INFO  DataBaseConfig - Closing DB connection
14:54:00.180 [main] INFO  DataBaseConfig - Create DB connection
14:54:00.197 [main] INFO  DataBaseConfig - Closing DB connection
14:54:13.663 [main] INFO  DataBaseConfig - Create DB connection
14:54:13.696 [main] INFO  DataBaseConfig - Closing Result Set
14:54:13.696 [main] INFO  DataBaseConfig - Closing Prepared Statement
14:54:13.696 [main] INFO  DataBaseConfig - Closing DB connection
14:54:38.446 [main] INFO  DataBaseConfig - Create DB connection
14:54:38.597 [main] INFO  DataBaseConfig - Closing DB connection
14:54:38.913 [main] INFO  DataBaseConfig - Create DB connection
14:54:39.063 [main] INFO  DataBaseConfig - Closing Prepared Statement
14:54:39.063 [main] INFO  DataBaseConfig - Closing DB connection
14:56:27.828 [main] INFO  App - Initializing Parking System
14:56:27.833 [main] INFO  InteractiveShell - App initialized!!!
14:56:33.584 [main] ERROR InputReaderUtil - Error while reading user input from Shell
java.lang.NumberFormatException: For input string: "TTT"
	at java.lang.NumberFormatException.forInputString(NumberFormatException.java:65) ~[?:1.8.0_131]
	at java.lang.Integer.parseInt(Integer.java:580) ~[?:1.8.0_131]
	at java.lang.Integer.parseInt(Integer.java:615) ~[?:1.8.0_131]
	at com.parkit.parkingsystem.util.InputReaderUtil.readSelection(InputReaderUtil.java:15) [classes/:?]
	at com.parkit.parkingsystem.service.ParkingService.getVehichleType(ParkingService.java:84) [classes/:?]
	at com.parkit.parkingsystem.service.ParkingService.getNextParkingNumberIfAvailable(ParkingService.java:65) [classes/:?]
	at com.parkit.parkingsystem.service.ParkingService.processIncomingVehicle(ParkingService.java:32) [classes/:?]
	at com.parkit.parkingsystem.service.InteractiveShell.loadInterface(InteractiveShell.java:28) [classes/:?]
	at com.parkit.parkingsystem.App.main(App.java:11) [classes/:?]
14:56:33.600 [main] ERROR ParkingService - Error parsing user input for type of vehicle
java.lang.IllegalArgumentException: Entered input is invalid
	at com.parkit.parkingsystem.service.ParkingService.getVehichleType(ParkingService.java:94) ~[classes/:?]
	at com.parkit.parkingsystem.service.ParkingService.getNextParkingNumberIfAvailable(ParkingService.java:65) [classes/:?]
	at com.parkit.parkingsystem.service.ParkingService.processIncomingVehicle(ParkingService.java:32) [classes/:?]
	at com.parkit.parkingsystem.service.InteractiveShell.loadInterface(InteractiveShell.java:28) [classes/:?]
	at com.parkit.parkingsystem.App.main(App.java:11) [classes/:?]
14:56:37.464 [main] INFO  DataBaseConfig - Create DB connection
14:56:38.361 [main] INFO  DataBaseConfig - Closing Result Set
14:56:38.361 [main] INFO  DataBaseConfig - Closing Prepared Statement
14:56:38.361 [main] INFO  DataBaseConfig - Closing DB connection
14:56:40.081 [main] INFO  DataBaseConfig - Create DB connection
14:56:40.101 [main] INFO  DataBaseConfig - Closing Prepared Statement
14:56:40.101 [main] INFO  DataBaseConfig - Closing DB connection
14:56:40.101 [main] INFO  DataBaseConfig - Create DB connection
14:56:40.130 [main] INFO  DataBaseConfig - Closing DB connection
14:56:58.077 [main] INFO  DataBaseConfig - Create DB connection
14:56:58.105 [main] INFO  DataBaseConfig - Closing Result Set
14:56:58.105 [main] INFO  DataBaseConfig - Closing Prepared Statement
14:56:58.106 [main] INFO  DataBaseConfig - Closing DB connection
14:57:59.665 [main] INFO  DataBaseConfig - Create DB connection
14:57:59.680 [main] INFO  DataBaseConfig - Closing DB connection
14:57:59.680 [main] INFO  DataBaseConfig - Create DB connection
14:57:59.697 [main] INFO  DataBaseConfig - Closing Prepared Statement
14:57:59.697 [main] INFO  DataBaseConfig - Closing DB connection
