2020-03-05 10:46:22,778 INFO DataBaseConfig [main] Create DB connection
2020-03-05 10:46:43,000 INFO DataBaseConfig [main] Closing DB connection
2020-03-05 10:48:50,872 INFO DataBaseConfig [main] Create DB connection
2020-03-05 10:48:54,044 INFO DataBaseConfig [main] Create DB connection
2020-03-05 10:48:59,092 INFO DataBaseConfig [main] Closing DB connection
2020-03-05 10:50:00,410 INFO DataBaseConfig [main] Create DB connection
2020-03-05 10:50:01,297 INFO DataBaseConfig [main] Closing DB connection
2020-03-05 10:50:22,334 INFO DataBaseConfig [main] Create DB connection
2020-03-05 10:50:23,204 INFO DataBaseConfig [main] Closing DB connection
2020-03-05 10:58:28,035 INFO DataBaseConfig [main] Create DB connection
2020-03-05 10:58:28,867 INFO DataBaseConfig [main] Closing DB connection
2020-03-05 11:46:26,307 INFO DataBaseConfig [main] Create DB connection
2020-03-05 11:46:27,169 INFO DataBaseConfig [main] Closing DB connection
2020-03-05 14:10:34,197 INFO DataBaseConfigTest [main] Create DB connection
2020-03-05 14:10:35,183 INFO DataBaseConfigTest [main] Closing DB connection
2020-03-05 14:10:35,699 INFO DataBaseConfigTest [main] Create DB connection
2020-03-05 14:10:35,783 INFO DataBaseConfigTest [main] Closing DB connection
2020-03-05 14:10:35,798 INFO DataBaseConfigTest [main] Create DB connection
2020-03-05 14:10:35,816 INFO DataBaseConfigTest [main] Closing Result Set
2020-03-05 14:10:35,816 INFO DataBaseConfigTest [main] Closing Prepared Statement
2020-03-05 14:10:35,816 INFO DataBaseConfigTest [main] Closing DB connection
2020-03-05 14:10:35,816 INFO DataBaseConfigTest [main] Create DB connection
2020-03-05 14:10:35,832 INFO DataBaseConfigTest [main] Closing Prepared Statement
2020-03-05 14:10:35,832 INFO DataBaseConfigTest [main] Closing DB connection
2020-03-05 14:10:35,832 INFO DataBaseConfigTest [main] Create DB connection
2020-03-05 14:10:35,866 INFO DataBaseConfigTest [main] Closing DB connection
2020-03-05 14:10:38,882 INFO DataBaseConfigTest [main] Create DB connection
2020-03-05 14:10:38,899 INFO DataBaseConfigTest [main] Closing Result Set
2020-03-05 14:10:38,899 INFO DataBaseConfigTest [main] Closing Prepared Statement
2020-03-05 14:10:38,899 INFO DataBaseConfigTest [main] Closing DB connection
2020-03-05 14:10:38,899 INFO DataBaseConfig [main] Create DB connection
2020-03-05 14:10:38,925 INFO DataBaseConfig [main] Closing DB connection
2020-03-05 14:10:38,926 INFO DataBaseConfigTest [main] Create DB connection
2020-03-05 14:10:38,949 INFO DataBaseConfigTest [main] Closing DB connection
2020-03-05 14:10:38,949 INFO DataBaseConfigTest [main] Create DB connection
2020-03-05 14:10:38,966 INFO DataBaseConfigTest [main] Closing Prepared Statement
2020-03-05 14:10:38,966 INFO DataBaseConfigTest [main] Closing DB connection
2020-03-05 14:10:38,977 INFO DataBaseConfigTest [main] Create DB connection
2020-03-05 14:10:39,044 INFO DataBaseConfigTest [main] Closing DB connection
2020-03-05 14:10:39,045 INFO DataBaseConfigTest [main] Create DB connection
2020-03-05 14:10:39,060 INFO DataBaseConfigTest [main] Closing Result Set
2020-03-05 14:10:39,060 INFO DataBaseConfigTest [main] Closing Prepared Statement
2020-03-05 14:10:39,061 INFO DataBaseConfigTest [main] Closing DB connection
2020-03-05 14:10:39,061 INFO DataBaseConfigTest [main] Create DB connection
2020-03-05 14:10:39,082 INFO DataBaseConfigTest [main] Closing Prepared Statement
2020-03-05 14:10:39,082 INFO DataBaseConfigTest [main] Closing DB connection
2020-03-05 14:10:39,083 INFO DataBaseConfigTest [main] Create DB connection
2020-03-05 14:10:39,110 INFO DataBaseConfigTest [main] Closing DB connection
2020-03-05 14:10:39,144 INFO DataBaseConfig [main] Create DB connection
2020-03-05 14:10:39,160 INFO DataBaseConfig [main] Closing DB connection
2020-03-05 14:11:04,798 INFO DataBaseConfigTest [main] Create DB connection
2020-03-05 14:11:06,029 INFO DataBaseConfigTest [main] Closing DB connection
2020-03-05 14:11:06,671 INFO DataBaseConfigTest [main] Create DB connection
2020-03-05 14:11:06,745 INFO DataBaseConfigTest [main] Closing DB connection
2020-03-05 14:11:06,747 INFO DataBaseConfigTest [main] Create DB connection
2020-03-05 14:11:06,784 INFO DataBaseConfigTest [main] Closing Result Set
2020-03-05 14:11:06,784 INFO DataBaseConfigTest [main] Closing Prepared Statement
2020-03-05 14:11:06,785 INFO DataBaseConfigTest [main] Closing DB connection
2020-03-05 14:11:06,785 INFO DataBaseConfigTest [main] Create DB connection
2020-03-05 14:11:06,816 INFO DataBaseConfigTest [main] Closing Prepared Statement
2020-03-05 14:11:06,818 INFO DataBaseConfigTest [main] Closing DB connection
2020-03-05 14:11:06,818 INFO DataBaseConfigTest [main] Create DB connection
2020-03-05 14:11:06,851 INFO DataBaseConfigTest [main] Closing DB connection
2020-03-05 14:11:09,851 INFO DataBaseConfigTest [main] Create DB connection
2020-03-05 14:11:09,865 INFO DataBaseConfigTest [main] Closing Result Set
2020-03-05 14:11:09,865 INFO DataBaseConfigTest [main] Closing Prepared Statement
2020-03-05 14:11:09,865 INFO DataBaseConfigTest [main] Closing DB connection
2020-03-05 14:11:09,866 INFO DataBaseConfig [main] Create DB connection
2020-03-05 14:11:09,882 INFO DataBaseConfig [main] Closing DB connection
2020-03-05 14:11:09,882 INFO DataBaseConfigTest [main] Create DB connection
2020-03-05 14:11:09,901 INFO DataBaseConfigTest [main] Closing DB connection
2020-03-05 14:11:09,901 INFO DataBaseConfigTest [main] Create DB connection
2020-03-05 14:11:09,916 INFO DataBaseConfigTest [main] Closing Prepared Statement
2020-03-05 14:11:09,917 INFO DataBaseConfigTest [main] Closing DB connection
2020-03-05 14:11:09,920 INFO DataBaseConfigTest [main] Create DB connection
2020-03-05 14:11:09,998 INFO DataBaseConfigTest [main] Closing DB connection
2020-03-05 14:11:09,998 INFO DataBaseConfigTest [main] Create DB connection
2020-03-05 14:11:10,011 INFO DataBaseConfigTest [main] Closing Result Set
2020-03-05 14:11:10,011 INFO DataBaseConfigTest [main] Closing Prepared Statement
2020-03-05 14:11:10,012 INFO DataBaseConfigTest [main] Closing DB connection
2020-03-05 14:11:10,012 INFO DataBaseConfigTest [main] Create DB connection
2020-03-05 14:11:10,026 INFO DataBaseConfigTest [main] Closing Prepared Statement
2020-03-05 14:11:10,027 INFO DataBaseConfigTest [main] Closing DB connection
2020-03-05 14:11:10,027 INFO DataBaseConfigTest [main] Create DB connection
2020-03-05 14:11:10,049 INFO DataBaseConfigTest [main] Closing DB connection
2020-03-05 14:11:10,078 INFO DataBaseConfig [main] Create DB connection
2020-03-05 14:11:10,093 INFO DataBaseConfig [main] Closing DB connection
2020-03-05 15:06:24,645 INFO App [main] Initializing Parking System
2020-03-05 15:06:24,645 INFO InteractiveShell [main] App initialized!!!
2020-03-05 15:07:21,544 INFO DataBaseConfig [main] Create DB connection
2020-03-05 15:07:22,387 INFO DataBaseConfig [main] Closing Result Set
2020-03-05 15:07:22,387 INFO DataBaseConfig [main] Closing Prepared Statement
2020-03-05 15:07:22,388 INFO DataBaseConfig [main] Closing DB connection
2020-03-05 15:07:24,033 INFO DataBaseConfig [main] Create DB connection
2020-03-05 15:07:24,062 INFO DataBaseConfig [main] Closing Prepared Statement
2020-03-05 15:07:24,063 INFO DataBaseConfig [main] Closing DB connection
2020-03-05 15:07:30,285 INFO DataBaseConfig [main] Create DB connection
2020-03-05 15:07:30,410 INFO DataBaseConfig [main] Closing DB connection
2020-03-05 15:07:46,891 INFO DataBaseConfig [main] Create DB connection
2020-03-05 15:07:46,938 INFO DataBaseConfig [main] Closing DB connection
2020-03-05 15:08:00,854 INFO App [main] Initializing Parking System
2020-03-05 15:08:00,859 INFO InteractiveShell [main] App initialized!!!
2020-03-05 15:08:03,771 INFO DataBaseConfig [main] Create DB connection
2020-03-05 15:08:04,675 INFO DataBaseConfig [main] Closing Result Set
2020-03-05 15:08:04,675 INFO DataBaseConfig [main] Closing Prepared Statement
2020-03-05 15:08:04,676 INFO DataBaseConfig [main] Closing DB connection
2020-03-05 15:08:04,676 ERROR ParkingService [main] Error fetching next available parking slot
java.lang.Exception: Error fetching parking number from DB. Parking slots might be full
	at com.parkit.parkingsystem.service.ParkingService.getNextParkingNumberIfAvailable(ParkingService.java:76) [classes/:?]
	at com.parkit.parkingsystem.service.ParkingService.processIncomingVehicle(ParkingService.java:32) [classes/:?]
	at com.parkit.parkingsystem.service.InteractiveShell.loadInterface(InteractiveShell.java:28) [classes/:?]
	at com.parkit.parkingsystem.App.main(App.java:11) [classes/:?]
2020-03-05 15:08:20,628 INFO DataBaseConfig [main] Create DB connection
2020-03-05 15:08:20,644 INFO DataBaseConfig [main] Closing Result Set
2020-03-05 15:08:20,644 INFO DataBaseConfig [main] Closing Prepared Statement
2020-03-05 15:08:20,644 INFO DataBaseConfig [main] Closing DB connection
2020-03-05 15:08:23,679 INFO DataBaseConfig [main] Create DB connection
2020-03-05 15:08:23,721 INFO DataBaseConfig [main] Closing Prepared Statement
2020-03-05 15:08:23,721 INFO DataBaseConfig [main] Closing DB connection
2020-03-05 15:08:26,644 INFO DataBaseConfig [main] Create DB connection
2020-03-05 15:08:26,811 INFO DataBaseConfig [main] Closing DB connection
2020-03-05 15:14:04,530 INFO DataBaseConfig [main] Create DB connection
2020-03-05 15:14:04,691 INFO DataBaseConfig [main] Closing DB connection
2020-03-05 16:12:12,395 INFO DataBaseConfigTest [main] Create DB connection
2020-03-05 16:12:14,306 INFO DataBaseConfigTest [main] Closing DB connection
2020-03-05 16:12:14,350 INFO DataBaseConfigTest [main] Create DB connection
2020-03-05 16:12:14,400 INFO DataBaseConfigTest [main] Closing Result Set
2020-03-05 16:12:14,400 INFO DataBaseConfigTest [main] Closing Prepared Statement
2020-03-05 16:12:14,401 INFO DataBaseConfigTest [main] Closing DB connection
2020-03-05 16:12:14,405 INFO DataBaseConfigTest [main] Create DB connection
2020-03-05 16:12:14,443 INFO DataBaseConfigTest [main] Closing Prepared Statement
2020-03-05 16:12:14,444 INFO DataBaseConfigTest [main] Closing DB connection
2020-03-05 16:12:14,445 INFO DataBaseConfigTest [main] Create DB connection
2020-03-05 16:12:14,484 INFO DataBaseConfigTest [main] Closing DB connection
2020-03-05 16:12:14,484 INFO DataBaseConfigTest [main] Create DB connection
2020-03-05 16:12:14,529 INFO DataBaseConfigTest [main] Closing DB connection
2020-03-05 16:12:17,530 INFO DataBaseConfigTest [main] Create DB connection
2020-03-05 16:12:17,566 INFO DataBaseConfigTest [main] Closing Result Set
2020-03-05 16:12:17,566 INFO DataBaseConfigTest [main] Closing Prepared Statement
2020-03-05 16:12:17,567 INFO DataBaseConfigTest [main] Closing DB connection
2020-03-05 16:12:17,569 INFO DataBaseConfig [main] Create DB connection
2020-03-05 16:12:17,606 INFO DataBaseConfig [main] Closing DB connection
2020-03-05 16:12:17,606 INFO DataBaseConfigTest [main] Create DB connection
2020-03-05 16:12:17,662 INFO DataBaseConfigTest [main] Closing DB connection
2020-03-05 16:12:17,662 INFO DataBaseConfigTest [main] Create DB connection
2020-03-05 16:12:17,700 INFO DataBaseConfigTest [main] Closing Prepared Statement
2020-03-05 16:12:17,701 INFO DataBaseConfigTest [main] Closing DB connection
2020-03-05 16:12:17,724 INFO DataBaseConfigTest [main] Create DB connection
2020-03-05 16:12:17,825 INFO DataBaseConfigTest [main] Closing DB connection
2020-03-05 16:12:17,828 INFO DataBaseConfigTest [main] Create DB connection
2020-03-05 16:12:17,868 INFO DataBaseConfigTest [main] Closing Result Set
2020-03-05 16:12:17,869 INFO DataBaseConfigTest [main] Closing Prepared Statement
2020-03-05 16:12:17,869 INFO DataBaseConfigTest [main] Closing DB connection
2020-03-05 16:12:17,870 INFO DataBaseConfigTest [main] Create DB connection
2020-03-05 16:12:17,901 INFO DataBaseConfigTest [main] Closing Prepared Statement
2020-03-05 16:12:17,902 INFO DataBaseConfigTest [main] Closing DB connection
2020-03-05 16:12:17,902 INFO DataBaseConfigTest [main] Create DB connection
2020-03-05 16:12:17,937 INFO DataBaseConfigTest [main] Closing DB connection
2020-03-05 16:12:17,937 INFO DataBaseConfigTest [main] Create DB connection
2020-03-05 16:12:17,971 INFO DataBaseConfigTest [main] Closing DB connection
2020-03-05 16:29:37,468 INFO DataBaseConfigTest [main] Create DB connection
2020-03-05 16:29:39,608 INFO DataBaseConfigTest [main] Closing DB connection
2020-03-05 16:29:39,655 INFO DataBaseConfigTest [main] Create DB connection
2020-03-05 16:29:39,705 INFO DataBaseConfigTest [main] Closing Result Set
2020-03-05 16:29:39,705 INFO DataBaseConfigTest [main] Closing Prepared Statement
2020-03-05 16:29:39,706 INFO DataBaseConfigTest [main] Closing DB connection
2020-03-05 16:29:39,710 INFO DataBaseConfigTest [main] Create DB connection
2020-03-05 16:29:39,750 INFO DataBaseConfigTest [main] Closing Prepared Statement
2020-03-05 16:29:39,751 INFO DataBaseConfigTest [main] Closing DB connection
2020-03-05 16:29:39,752 INFO DataBaseConfigTest [main] Create DB connection
2020-03-05 16:29:39,793 INFO DataBaseConfigTest [main] Closing DB connection
2020-03-05 16:29:39,793 INFO DataBaseConfigTest [main] Create DB connection
2020-03-05 16:29:39,840 INFO DataBaseConfigTest [main] Closing DB connection
2020-03-05 16:29:42,842 INFO DataBaseConfigTest [main] Create DB connection
2020-03-05 16:29:42,878 INFO DataBaseConfigTest [main] Closing Result Set
2020-03-05 16:29:42,879 INFO DataBaseConfigTest [main] Closing Prepared Statement
2020-03-05 16:29:42,880 INFO DataBaseConfigTest [main] Closing DB connection
2020-03-05 16:29:42,882 INFO DataBaseConfig [main] Create DB connection
2020-03-05 16:29:42,915 INFO DataBaseConfig [main] Closing DB connection
2020-03-05 16:29:42,915 INFO DataBaseConfigTest [main] Create DB connection
2020-03-05 16:29:42,949 INFO DataBaseConfigTest [main] Closing DB connection
2020-03-05 16:29:42,949 INFO DataBaseConfigTest [main] Create DB connection
2020-03-05 16:29:42,979 INFO DataBaseConfigTest [main] Closing Prepared Statement
2020-03-05 16:29:42,980 INFO DataBaseConfigTest [main] Closing DB connection
2020-03-05 16:30:26,178 INFO DataBaseConfigTest [main] Create DB connection
2020-03-05 16:30:28,572 INFO DataBaseConfigTest [main] Closing DB connection
2020-03-05 16:30:30,029 INFO DataBaseConfigTest [main] Create DB connection
2020-03-05 16:30:30,133 INFO DataBaseConfigTest [main] Closing DB connection
2020-03-05 16:30:30,136 INFO DataBaseConfigTest [main] Create DB connection
2020-03-05 16:30:30,214 INFO DataBaseConfigTest [main] Closing Result Set
2020-03-05 16:30:30,214 INFO DataBaseConfigTest [main] Closing Prepared Statement
2020-03-05 16:30:30,215 INFO DataBaseConfigTest [main] Closing DB connection
2020-03-05 16:30:30,216 INFO DataBaseConfigTest [main] Create DB connection
2020-03-05 16:30:30,256 INFO DataBaseConfigTest [main] Closing Prepared Statement
2020-03-05 16:30:30,258 INFO DataBaseConfigTest [main] Closing DB connection
2020-03-05 16:30:30,258 INFO DataBaseConfigTest [main] Create DB connection
2020-03-05 16:30:30,297 INFO DataBaseConfigTest [main] Closing DB connection
2020-03-05 16:30:30,298 INFO DataBaseConfigTest [main] Create DB connection
2020-03-05 16:30:30,342 INFO DataBaseConfigTest [main] Closing DB connection
2020-03-05 16:30:33,343 INFO DataBaseConfigTest [main] Create DB connection
2020-03-05 16:30:33,383 INFO DataBaseConfigTest [main] Closing Result Set
2020-03-05 16:30:33,383 INFO DataBaseConfigTest [main] Closing Prepared Statement
2020-03-05 16:30:33,385 INFO DataBaseConfigTest [main] Closing DB connection
2020-03-05 16:30:33,385 INFO DataBaseConfig [main] Create DB connection
2020-03-05 16:30:33,423 INFO DataBaseConfig [main] Closing DB connection
2020-03-05 16:30:33,423 INFO DataBaseConfigTest [main] Create DB connection
2020-03-05 16:30:33,469 INFO DataBaseConfigTest [main] Closing DB connection
2020-03-05 16:30:33,470 INFO DataBaseConfigTest [main] Create DB connection
2020-03-05 16:30:33,510 INFO DataBaseConfigTest [main] Closing Prepared Statement
2020-03-05 16:30:33,512 INFO DataBaseConfigTest [main] Closing DB connection
2020-03-05 16:30:33,515 INFO DataBaseConfigTest [main] Create DB connection
2020-03-05 16:30:33,639 INFO DataBaseConfigTest [main] Closing DB connection
2020-03-05 16:30:33,641 INFO DataBaseConfigTest [main] Create DB connection
2020-03-05 16:30:33,674 INFO DataBaseConfigTest [main] Closing Result Set
2020-03-05 16:30:33,675 INFO DataBaseConfigTest [main] Closing Prepared Statement
2020-03-05 16:30:33,676 INFO DataBaseConfigTest [main] Closing DB connection
2020-03-05 16:30:33,677 INFO DataBaseConfigTest [main] Create DB connection
2020-03-05 16:30:33,723 INFO DataBaseConfigTest [main] Closing Prepared Statement
2020-03-05 16:30:33,725 INFO DataBaseConfigTest [main] Closing DB connection
2020-03-05 16:30:33,725 INFO DataBaseConfigTest [main] Create DB connection
2020-03-05 16:30:33,768 INFO DataBaseConfigTest [main] Closing DB connection
2020-03-05 16:30:33,768 INFO DataBaseConfigTest [main] Create DB connection
2020-03-05 16:30:33,810 INFO DataBaseConfigTest [main] Closing DB connection
2020-03-05 16:30:33,903 INFO DataBaseConfig [main] Create DB connection
2020-03-05 16:30:33,941 INFO DataBaseConfig [main] Closing DB connection
2020-03-05 16:30:33,971 INFO DataBaseConfig [main] Create DB connection
2020-03-05 16:30:34,008 INFO DataBaseConfig [main] Closing DB connection
2020-03-05 17:03:19,826 INFO DataBaseConfigTest [main] Create DB connection
2020-03-05 17:03:21,475 INFO DataBaseConfigTest [main] Closing DB connection
2020-03-05 17:03:21,496 INFO DataBaseConfigTest [main] Create DB connection
2020-03-05 17:03:21,540 INFO DataBaseConfigTest [main] Closing Result Set
2020-03-05 17:03:21,540 INFO DataBaseConfigTest [main] Closing Prepared Statement
2020-03-05 17:03:21,547 INFO DataBaseConfigTest [main] Closing DB connection
2020-03-05 17:03:21,570 INFO DataBaseConfigTest [main] Create DB connection
2020-03-05 17:03:21,598 INFO DataBaseConfigTest [main] Closing Prepared Statement
2020-03-05 17:03:21,598 INFO DataBaseConfigTest [main] Closing DB connection
2020-03-05 17:03:21,599 INFO DataBaseConfigTest [main] Create DB connection
2020-03-05 17:03:21,625 INFO DataBaseConfigTest [main] Closing DB connection
2020-03-05 17:03:21,625 INFO DataBaseConfigTest [main] Create DB connection
2020-03-05 17:03:21,657 INFO DataBaseConfigTest [main] Closing DB connection
2020-03-05 17:03:24,658 INFO DataBaseConfigTest [main] Create DB connection
2020-03-05 17:03:24,685 INFO DataBaseConfigTest [main] Closing Result Set
2020-03-05 17:03:24,686 INFO DataBaseConfigTest [main] Closing Prepared Statement
2020-03-05 17:03:24,686 INFO DataBaseConfigTest [main] Closing DB connection
2020-03-05 17:03:24,687 INFO DataBaseConfig [main] Create DB connection
2020-03-05 17:03:24,718 INFO DataBaseConfig [main] Closing DB connection
2020-03-05 17:03:24,719 INFO DataBaseConfigTest [main] Create DB connection
2020-03-05 17:03:24,754 INFO DataBaseConfigTest [main] Closing DB connection
2020-03-05 17:03:24,755 INFO DataBaseConfigTest [main] Create DB connection
2020-03-05 17:03:24,799 INFO DataBaseConfigTest [main] Closing Prepared Statement
2020-03-05 17:03:24,800 INFO DataBaseConfigTest [main] Closing DB connection
2020-03-05 17:03:24,825 INFO DataBaseConfigTest [main] Create DB connection
2020-03-05 17:03:24,916 INFO DataBaseConfigTest [main] Closing DB connection
2020-03-05 17:03:24,917 INFO DataBaseConfigTest [main] Create DB connection
2020-03-05 17:03:24,951 INFO DataBaseConfigTest [main] Closing Result Set
2020-03-05 17:03:24,952 INFO DataBaseConfigTest [main] Closing Prepared Statement
2020-03-05 17:03:24,953 INFO DataBaseConfigTest [main] Closing DB connection
2020-03-05 17:03:24,953 INFO DataBaseConfigTest [main] Create DB connection
2020-03-05 17:03:24,983 INFO DataBaseConfigTest [main] Closing Prepared Statement
2020-03-05 17:03:24,984 INFO DataBaseConfigTest [main] Closing DB connection
2020-03-05 17:03:24,984 INFO DataBaseConfigTest [main] Create DB connection
2020-03-05 17:03:25,011 INFO DataBaseConfigTest [main] Closing DB connection
2020-03-05 17:03:25,012 INFO DataBaseConfigTest [main] Create DB connection
2020-03-05 17:03:25,045 INFO DataBaseConfigTest [main] Closing DB connection
2020-03-05 17:04:07,784 INFO DataBaseConfigTest [main] Create DB connection
2020-03-05 17:04:09,319 INFO DataBaseConfigTest [main] Closing DB connection
2020-03-05 17:04:09,342 INFO DataBaseConfigTest [main] Create DB connection
2020-03-05 17:04:09,378 INFO DataBaseConfigTest [main] Closing Result Set
2020-03-05 17:04:09,378 INFO DataBaseConfigTest [main] Closing Prepared Statement
2020-03-05 17:04:09,381 INFO DataBaseConfigTest [main] Closing DB connection
2020-03-05 17:04:09,384 INFO DataBaseConfigTest [main] Create DB connection
2020-03-05 17:04:09,414 INFO DataBaseConfigTest [main] Closing Prepared Statement
2020-03-05 17:04:09,415 INFO DataBaseConfigTest [main] Closing DB connection
2020-03-05 17:04:09,416 INFO DataBaseConfigTest [main] Create DB connection
2020-03-05 17:04:09,443 INFO DataBaseConfigTest [main] Closing DB connection
2020-03-05 17:04:09,444 INFO DataBaseConfigTest [main] Create DB connection
2020-03-05 17:04:09,477 INFO DataBaseConfigTest [main] Closing DB connection
2020-03-05 17:04:36,921 INFO DataBaseConfigTest [main] Create DB connection
2020-03-05 17:04:38,663 INFO DataBaseConfigTest [main] Closing DB connection
2020-03-05 17:04:38,683 INFO DataBaseConfigTest [main] Create DB connection
2020-03-05 17:04:38,723 INFO DataBaseConfigTest [main] Closing Result Set
2020-03-05 17:04:38,724 INFO DataBaseConfigTest [main] Closing Prepared Statement
2020-03-05 17:04:38,725 INFO DataBaseConfigTest [main] Closing DB connection
2020-03-05 17:04:38,729 INFO DataBaseConfigTest [main] Create DB connection
2020-03-05 17:04:38,759 INFO DataBaseConfigTest [main] Closing Prepared Statement
2020-03-05 17:04:38,760 INFO DataBaseConfigTest [main] Closing DB connection
2020-03-05 17:04:38,761 INFO DataBaseConfigTest [main] Create DB connection
2020-03-05 17:04:38,796 INFO DataBaseConfigTest [main] Closing DB connection
2020-03-05 17:04:38,796 INFO DataBaseConfigTest [main] Create DB connection
2020-03-05 17:04:38,834 INFO DataBaseConfigTest [main] Closing DB connection
2020-03-05 17:04:41,840 INFO DataBaseConfigTest [main] Create DB connection
2020-03-05 17:04:41,889 INFO DataBaseConfigTest [main] Closing Result Set
2020-03-05 17:04:41,889 INFO DataBaseConfigTest [main] Closing Prepared Statement
2020-03-05 17:04:41,891 INFO DataBaseConfigTest [main] Closing DB connection
2020-03-05 17:04:41,892 INFO DataBaseConfig [main] Create DB connection
2020-03-05 17:04:41,925 INFO DataBaseConfig [main] Closing DB connection
2020-03-05 17:04:41,925 INFO DataBaseConfigTest [main] Create DB connection
2020-03-05 17:04:41,967 INFO DataBaseConfigTest [main] Closing DB connection
2020-03-05 17:04:41,967 INFO DataBaseConfigTest [main] Create DB connection
2020-03-05 17:04:42,002 INFO DataBaseConfigTest [main] Closing Prepared Statement
2020-03-05 17:04:42,003 INFO DataBaseConfigTest [main] Closing DB connection
2020-03-06 10:11:54,464 INFO DataBaseConfig [main] Create DB connection
2020-03-06 10:11:55,347 INFO DataBaseConfig [main] Closing DB connection
2020-03-06 10:11:55,364 INFO DataBaseConfig [main] Create DB connection
2020-03-06 10:11:55,381 INFO DataBaseConfig [main] Closing DB connection
2020-03-06 10:11:55,414 INFO DataBaseConfigTest [main] Create DB connection
2020-03-06 10:11:55,514 INFO DataBaseConfigTest [main] Closing DB connection
2020-03-06 10:11:55,514 INFO DataBaseConfigTest [main] Create DB connection
2020-03-06 10:11:55,530 INFO DataBaseConfigTest [main] Closing Result Set
2020-03-06 10:11:55,530 INFO DataBaseConfigTest [main] Closing Prepared Statement
2020-03-06 10:11:55,530 INFO DataBaseConfigTest [main] Closing DB connection
2020-03-06 10:11:55,530 INFO DataBaseConfigTest [main] Create DB connection
2020-03-06 10:11:55,547 INFO DataBaseConfigTest [main] Closing Prepared Statement
2020-03-06 10:11:55,547 INFO DataBaseConfigTest [main] Closing DB connection
2020-03-06 10:11:55,547 INFO DataBaseConfigTest [main] Create DB connection
2020-03-06 10:11:55,564 INFO DataBaseConfigTest [main] Closing DB connection
2020-03-06 10:11:55,564 INFO DataBaseConfigTest [main] Create DB connection
2020-03-06 10:11:55,580 INFO DataBaseConfigTest [main] Closing DB connection
2020-03-06 10:11:58,581 INFO DataBaseConfigTest [main] Create DB connection
2020-03-06 10:11:58,604 INFO DataBaseConfigTest [main] Closing Result Set
2020-03-06 10:11:58,605 INFO DataBaseConfigTest [main] Closing Prepared Statement
2020-03-06 10:11:58,605 INFO DataBaseConfigTest [main] Closing DB connection
2020-03-06 10:11:58,605 INFO DataBaseConfig [main] Create DB connection
2020-03-06 10:11:58,619 INFO DataBaseConfig [main] Closing DB connection
2020-03-06 10:11:58,619 INFO DataBaseConfigTest [main] Create DB connection
2020-03-06 10:11:58,647 INFO DataBaseConfigTest [main] Closing DB connection
2020-03-06 10:11:58,647 INFO DataBaseConfigTest [main] Create DB connection
2020-03-06 10:11:58,665 INFO DataBaseConfigTest [main] Closing Prepared Statement
2020-03-06 10:11:58,666 INFO DataBaseConfigTest [main] Closing DB connection
2020-03-06 10:11:58,667 INFO DataBaseConfigTest [main] Create DB connection
2020-03-06 10:11:58,717 INFO DataBaseConfigTest [main] Closing DB connection
2020-03-06 10:11:58,717 INFO DataBaseConfigTest [main] Create DB connection
2020-03-06 10:11:58,730 INFO DataBaseConfigTest [main] Closing Result Set
2020-03-06 10:11:58,730 INFO DataBaseConfigTest [main] Closing Prepared Statement
2020-03-06 10:11:58,730 INFO DataBaseConfigTest [main] Closing DB connection
2020-03-06 10:11:58,730 INFO DataBaseConfigTest [main] Create DB connection
2020-03-06 10:11:58,747 INFO DataBaseConfigTest [main] Closing Prepared Statement
2020-03-06 10:11:58,747 INFO DataBaseConfigTest [main] Closing DB connection
2020-03-06 10:11:58,747 INFO DataBaseConfigTest [main] Create DB connection
2020-03-06 10:11:58,764 INFO DataBaseConfigTest [main] Closing DB connection
2020-03-06 10:11:58,764 INFO DataBaseConfigTest [main] Create DB connection
2020-03-06 10:11:58,781 INFO DataBaseConfigTest [main] Closing DB connection
2020-03-06 10:11:58,797 INFO DataBaseConfigTest [main] Create DB connection
2020-03-06 10:11:58,847 INFO DataBaseConfigTest [main] Closing DB connection
2020-03-06 10:29:04,837 INFO DataBaseConfigTest [main] Create DB connection
2020-03-06 10:29:05,979 INFO DataBaseConfigTest [main] Closing DB connection
2020-03-06 10:33:09,946 INFO DataBaseConfigTest [main] Create DB connection
2020-03-06 10:33:10,963 INFO DataBaseConfigTest [main] Closing DB connection
2020-03-06 10:34:27,172 INFO DataBaseConfigTest [main] Create DB connection
2020-03-06 10:34:28,215 INFO DataBaseConfigTest [main] Closing DB connection
2020-03-06 11:11:56,789 INFO DataBaseConfigTest [main] Create DB connection
2020-03-06 11:11:58,122 INFO DataBaseConfigTest [main] Closing DB connection
2020-03-06 11:11:58,669 INFO DataBaseConfigTest [main] Create DB connection
2020-03-06 11:11:58,839 INFO DataBaseConfigTest [main] Closing DB connection
2020-03-06 11:11:58,856 INFO DataBaseConfigTest [main] Create DB connection
2020-03-06 11:11:58,879 INFO DataBaseConfigTest [main] Closing Result Set
2020-03-06 11:11:58,879 INFO DataBaseConfigTest [main] Closing Prepared Statement
2020-03-06 11:11:58,879 INFO DataBaseConfigTest [main] Closing DB connection
2020-03-06 11:11:58,879 INFO DataBaseConfigTest [main] Create DB connection
2020-03-06 11:11:58,906 INFO DataBaseConfigTest [main] Closing Prepared Statement
2020-03-06 11:11:58,906 INFO DataBaseConfigTest [main] Closing DB connection
2020-03-06 11:11:58,906 INFO DataBaseConfigTest [main] Create DB connection
2020-03-06 11:11:58,923 INFO DataBaseConfigTest [main] Closing DB connection
2020-03-06 11:11:58,923 INFO DataBaseConfigTest [main] Create DB connection
2020-03-06 11:11:58,956 INFO DataBaseConfigTest [main] Closing DB connection
2020-03-06 11:12:01,988 INFO DataBaseConfigTest [main] Create DB connection
2020-03-06 11:12:02,006 INFO DataBaseConfigTest [main] Closing Result Set
2020-03-06 11:12:02,006 INFO DataBaseConfigTest [main] Closing Prepared Statement
2020-03-06 11:12:02,006 INFO DataBaseConfigTest [main] Closing DB connection
2020-03-06 11:12:02,006 INFO DataBaseConfig [main] Create DB connection
2020-03-06 11:12:02,022 INFO DataBaseConfig [main] Closing DB connection
2020-03-06 11:12:02,022 INFO DataBaseConfigTest [main] Create DB connection
2020-03-06 11:12:02,039 INFO DataBaseConfigTest [main] Closing DB connection
2020-03-06 11:12:02,039 INFO DataBaseConfigTest [main] Create DB connection
2020-03-06 11:12:02,056 INFO DataBaseConfigTest [main] Closing Prepared Statement
2020-03-06 11:12:02,056 INFO DataBaseConfigTest [main] Closing DB connection
2020-03-06 11:12:02,072 INFO DataBaseConfigTest [main] Create DB connection
2020-03-06 11:12:02,122 INFO DataBaseConfigTest [main] Closing DB connection
2020-03-06 11:12:02,122 INFO DataBaseConfigTest [main] Create DB connection
2020-03-06 11:12:02,139 INFO DataBaseConfigTest [main] Closing Result Set
2020-03-06 11:12:02,139 INFO DataBaseConfigTest [main] Closing Prepared Statement
2020-03-06 11:12:02,139 INFO DataBaseConfigTest [main] Closing DB connection
2020-03-06 11:12:02,139 INFO DataBaseConfigTest [main] Create DB connection
2020-03-06 11:12:02,156 INFO DataBaseConfigTest [main] Closing Prepared Statement
2020-03-06 11:12:02,156 INFO DataBaseConfigTest [main] Closing DB connection
2020-03-06 11:12:02,156 INFO DataBaseConfigTest [main] Create DB connection
2020-03-06 11:12:02,173 INFO DataBaseConfigTest [main] Closing DB connection
2020-03-06 11:12:02,173 INFO DataBaseConfigTest [main] Create DB connection
2020-03-06 11:12:02,189 INFO DataBaseConfigTest [main] Closing DB connection
2020-03-06 11:12:02,239 INFO DataBaseConfig [main] Create DB connection
2020-03-06 11:12:02,256 INFO DataBaseConfig [main] Closing DB connection
2020-03-06 11:18:34,287 INFO DataBaseConfigTest [main] Create DB connection
2020-03-06 11:18:35,622 INFO DataBaseConfigTest [main] Closing DB connection
2020-03-06 11:18:36,212 INFO DataBaseConfigTest [main] Create DB connection
2020-03-06 11:18:36,277 INFO DataBaseConfigTest [main] Closing DB connection
2020-03-06 11:18:36,293 INFO DataBaseConfigTest [main] Create DB connection
2020-03-06 11:18:36,326 INFO DataBaseConfigTest [main] Closing Result Set
2020-03-06 11:18:36,326 INFO DataBaseConfigTest [main] Closing Prepared Statement
2020-03-06 11:18:36,326 INFO DataBaseConfigTest [main] Closing DB connection
2020-03-06 11:18:36,326 INFO DataBaseConfigTest [main] Create DB connection
2020-03-06 11:18:36,359 INFO DataBaseConfigTest [main] Closing Prepared Statement
2020-03-06 11:18:36,359 INFO DataBaseConfigTest [main] Closing DB connection
2020-03-06 11:18:36,359 INFO DataBaseConfigTest [main] Create DB connection
2020-03-06 11:18:36,382 INFO DataBaseConfigTest [main] Closing DB connection
2020-03-06 11:18:36,382 INFO DataBaseConfigTest [main] Create DB connection
2020-03-06 11:18:36,405 INFO DataBaseConfigTest [main] Closing DB connection
2020-03-06 11:18:39,409 INFO DataBaseConfigTest [main] Create DB connection
2020-03-06 11:18:39,426 INFO DataBaseConfigTest [main] Closing Result Set
2020-03-06 11:18:39,426 INFO DataBaseConfigTest [main] Closing Prepared Statement
2020-03-06 11:18:39,426 INFO DataBaseConfigTest [main] Closing DB connection
2020-03-06 11:18:39,426 INFO DataBaseConfig [main] Create DB connection
2020-03-06 11:18:39,443 INFO DataBaseConfig [main] Closing DB connection
2020-03-06 11:18:39,443 INFO DataBaseConfigTest [main] Create DB connection
2020-03-06 11:18:39,460 INFO DataBaseConfigTest [main] Closing DB connection
2020-03-06 11:18:39,460 INFO DataBaseConfigTest [main] Create DB connection
2020-03-06 11:18:39,476 INFO DataBaseConfigTest [main] Closing Prepared Statement
2020-03-06 11:18:39,476 INFO DataBaseConfigTest [main] Closing DB connection
2020-03-06 11:18:39,476 INFO DataBaseConfigTest [main] Create DB connection
2020-03-06 11:18:39,560 INFO DataBaseConfigTest [main] Closing DB connection
2020-03-06 11:18:39,560 INFO DataBaseConfigTest [main] Create DB connection
2020-03-06 11:18:39,576 INFO DataBaseConfigTest [main] Closing Result Set
2020-03-06 11:18:39,576 INFO DataBaseConfigTest [main] Closing Prepared Statement
2020-03-06 11:18:39,576 INFO DataBaseConfigTest [main] Closing DB connection
2020-03-06 11:18:39,576 INFO DataBaseConfigTest [main] Create DB connection
2020-03-06 11:18:39,593 INFO DataBaseConfigTest [main] Closing Prepared Statement
2020-03-06 11:18:39,593 INFO DataBaseConfigTest [main] Closing DB connection
2020-03-06 11:18:39,593 INFO DataBaseConfigTest [main] Create DB connection
2020-03-06 11:18:39,611 INFO DataBaseConfigTest [main] Closing DB connection
2020-03-06 11:18:39,611 INFO DataBaseConfigTest [main] Create DB connection
2020-03-06 11:18:39,626 INFO DataBaseConfigTest [main] Closing DB connection
2020-03-06 11:18:39,676 INFO DataBaseConfig [main] Create DB connection
2020-03-06 11:18:39,693 INFO DataBaseConfig [main] Closing DB connection
2020-03-06 11:25:52,940 INFO DataBaseConfigTest [main] Create DB connection
2020-03-06 11:25:54,200 INFO DataBaseConfigTest [main] Closing DB connection
2020-03-06 11:25:54,915 INFO DataBaseConfigTest [main] Create DB connection
2020-03-06 11:25:54,993 INFO DataBaseConfigTest [main] Closing DB connection
2020-03-06 11:25:55,008 INFO DataBaseConfigTest [main] Create DB connection
2020-03-06 11:25:55,056 INFO DataBaseConfigTest [main] Closing Result Set
2020-03-06 11:25:55,056 INFO DataBaseConfigTest [main] Closing Prepared Statement
2020-03-06 11:25:55,057 INFO DataBaseConfigTest [main] Closing DB connection
2020-03-06 11:25:55,059 INFO DataBaseConfigTest [main] Create DB connection
2020-03-06 11:25:55,089 INFO DataBaseConfigTest [main] Closing Prepared Statement
2020-03-06 11:25:55,090 INFO DataBaseConfigTest [main] Closing DB connection
2020-03-06 11:25:55,091 INFO DataBaseConfigTest [main] Create DB connection
2020-03-06 11:25:55,116 INFO DataBaseConfigTest [main] Closing DB connection
2020-03-06 11:25:55,117 INFO DataBaseConfigTest [main] Create DB connection
2020-03-06 11:25:55,142 INFO DataBaseConfigTest [main] Closing DB connection
2020-03-06 11:25:58,145 INFO DataBaseConfigTest [main] Create DB connection
2020-03-06 11:25:58,164 INFO DataBaseConfigTest [main] Closing Result Set
2020-03-06 11:25:58,164 INFO DataBaseConfigTest [main] Closing Prepared Statement
2020-03-06 11:25:58,164 INFO DataBaseConfigTest [main] Closing DB connection
2020-03-06 11:25:58,165 INFO DataBaseConfig [main] Create DB connection
2020-03-06 11:25:58,182 INFO DataBaseConfig [main] Closing DB connection
2020-03-06 11:25:58,185 INFO DataBaseConfigTest [main] Create DB connection
2020-03-06 11:25:58,206 INFO DataBaseConfigTest [main] Closing DB connection
2020-03-06 11:25:58,206 INFO DataBaseConfigTest [main] Create DB connection
2020-03-06 11:25:58,222 INFO DataBaseConfigTest [main] Closing Prepared Statement
2020-03-06 11:25:58,223 INFO DataBaseConfigTest [main] Closing DB connection
2020-03-06 11:25:58,232 INFO DataBaseConfigTest [main] Create DB connection
2020-03-06 11:25:58,292 INFO DataBaseConfigTest [main] Closing DB connection
2020-03-06 11:25:58,294 INFO DataBaseConfigTest [main] Create DB connection
2020-03-06 11:25:58,309 INFO DataBaseConfigTest [main] Closing Result Set
2020-03-06 11:25:58,309 INFO DataBaseConfigTest [main] Closing Prepared Statement
2020-03-06 11:25:58,310 INFO DataBaseConfigTest [main] Closing DB connection
2020-03-06 11:25:58,310 INFO DataBaseConfigTest [main] Create DB connection
2020-03-06 11:25:58,326 INFO DataBaseConfigTest [main] Closing Prepared Statement
2020-03-06 11:25:58,328 INFO DataBaseConfigTest [main] Closing DB connection
2020-03-06 11:25:58,329 INFO DataBaseConfigTest [main] Create DB connection
2020-03-06 11:25:58,358 INFO DataBaseConfigTest [main] Closing DB connection
2020-03-06 11:25:58,358 INFO DataBaseConfigTest [main] Create DB connection
2020-03-06 11:25:58,377 INFO DataBaseConfigTest [main] Closing DB connection
2020-03-06 11:25:58,427 INFO DataBaseConfig [main] Create DB connection
2020-03-06 11:25:58,441 INFO DataBaseConfig [main] Closing DB connection
2020-03-06 11:31:01,681 INFO DataBaseConfigTest [main] Create DB connection
2020-03-06 11:31:02,952 INFO DataBaseConfigTest [main] Closing DB connection
2020-03-06 11:31:03,660 INFO DataBaseConfigTest [main] Create DB connection
2020-03-06 11:31:03,728 INFO DataBaseConfigTest [main] Closing DB connection
2020-03-06 11:31:03,740 INFO DataBaseConfigTest [main] Create DB connection
2020-03-06 11:31:03,782 INFO DataBaseConfigTest [main] Closing Result Set
2020-03-06 11:31:03,782 INFO DataBaseConfigTest [main] Closing Prepared Statement
2020-03-06 11:31:03,783 INFO DataBaseConfigTest [main] Closing DB connection
2020-03-06 11:31:03,785 INFO DataBaseConfigTest [main] Create DB connection
2020-03-06 11:31:03,814 INFO DataBaseConfigTest [main] Closing Prepared Statement
2020-03-06 11:31:03,815 INFO DataBaseConfigTest [main] Closing DB connection
2020-03-06 11:31:03,816 INFO DataBaseConfigTest [main] Create DB connection
2020-03-06 11:31:03,841 INFO DataBaseConfigTest [main] Closing DB connection
2020-03-06 11:31:03,841 INFO DataBaseConfigTest [main] Create DB connection
2020-03-06 11:31:03,873 INFO DataBaseConfigTest [main] Closing DB connection
2020-03-06 11:31:06,878 INFO DataBaseConfigTest [main] Create DB connection
2020-03-06 11:31:06,896 INFO DataBaseConfigTest [main] Closing Result Set
2020-03-06 11:31:06,896 INFO DataBaseConfigTest [main] Closing Prepared Statement
2020-03-06 11:31:06,896 INFO DataBaseConfigTest [main] Closing DB connection
2020-03-06 11:31:06,897 INFO DataBaseConfig [main] Create DB connection
2020-03-06 11:31:06,918 INFO DataBaseConfig [main] Closing DB connection
2020-03-06 11:31:06,918 INFO DataBaseConfigTest [main] Create DB connection
2020-03-06 11:31:06,936 INFO DataBaseConfigTest [main] Closing DB connection
2020-03-06 11:31:06,936 INFO DataBaseConfigTest [main] Create DB connection
2020-03-06 11:31:06,954 INFO DataBaseConfigTest [main] Closing Prepared Statement
2020-03-06 11:31:06,955 INFO DataBaseConfigTest [main] Closing DB connection
2020-03-06 11:31:06,963 INFO DataBaseConfigTest [main] Create DB connection
2020-03-06 11:31:07,018 INFO DataBaseConfigTest [main] Closing DB connection
2020-03-06 11:31:07,019 INFO DataBaseConfigTest [main] Create DB connection
2020-03-06 11:31:07,032 INFO DataBaseConfigTest [main] Closing Result Set
2020-03-06 11:31:07,032 INFO DataBaseConfigTest [main] Closing Prepared Statement
2020-03-06 11:31:07,032 INFO DataBaseConfigTest [main] Closing DB connection
2020-03-06 11:31:07,033 INFO DataBaseConfigTest [main] Create DB connection
2020-03-06 11:31:07,048 INFO DataBaseConfigTest [main] Closing Prepared Statement
2020-03-06 11:31:07,048 INFO DataBaseConfigTest [main] Closing DB connection
2020-03-06 11:31:07,048 INFO DataBaseConfigTest [main] Create DB connection
2020-03-06 11:31:07,068 INFO DataBaseConfigTest [main] Closing DB connection
2020-03-06 11:31:07,068 INFO DataBaseConfigTest [main] Create DB connection
2020-03-06 11:31:07,086 INFO DataBaseConfigTest [main] Closing DB connection
2020-03-06 11:31:07,134 INFO DataBaseConfig [main] Create DB connection
2020-03-06 11:31:07,149 INFO DataBaseConfig [main] Closing DB connection
2020-03-06 11:33:58,100 INFO DataBaseConfigTest [main] Create DB connection
2020-03-06 11:33:59,468 INFO DataBaseConfigTest [main] Closing DB connection
2020-03-06 11:34:00,021 INFO DataBaseConfigTest [main] Create DB connection
2020-03-06 11:34:00,101 INFO DataBaseConfigTest [main] Closing DB connection
2020-03-06 11:34:00,111 INFO DataBaseConfigTest [main] Create DB connection
2020-03-06 11:34:00,143 INFO DataBaseConfigTest [main] Closing Result Set
2020-03-06 11:34:00,144 INFO DataBaseConfigTest [main] Closing Prepared Statement
2020-03-06 11:34:00,144 INFO DataBaseConfigTest [main] Closing DB connection
2020-03-06 11:34:00,146 INFO DataBaseConfigTest [main] Create DB connection
2020-03-06 11:34:00,167 INFO DataBaseConfigTest [main] Closing Prepared Statement
2020-03-06 11:34:00,168 INFO DataBaseConfigTest [main] Closing DB connection
2020-03-06 11:34:00,168 INFO DataBaseConfigTest [main] Create DB connection
2020-03-06 11:34:00,190 INFO DataBaseConfigTest [main] Closing DB connection
2020-03-06 11:34:00,190 INFO DataBaseConfigTest [main] Create DB connection
2020-03-06 11:34:00,215 INFO DataBaseConfigTest [main] Closing DB connection
2020-03-06 11:34:03,219 INFO DataBaseConfigTest [main] Create DB connection
2020-03-06 11:34:03,243 INFO DataBaseConfigTest [main] Closing Result Set
2020-03-06 11:34:03,243 INFO DataBaseConfigTest [main] Closing Prepared Statement
2020-03-06 11:34:03,244 INFO DataBaseConfigTest [main] Closing DB connection
2020-03-06 11:34:03,245 INFO DataBaseConfig [main] Create DB connection
2020-03-06 11:34:03,267 INFO DataBaseConfig [main] Closing DB connection
2020-03-06 11:34:03,270 INFO DataBaseConfigTest [main] Create DB connection
2020-03-06 11:34:03,294 INFO DataBaseConfigTest [main] Closing DB connection
2020-03-06 11:34:03,294 INFO DataBaseConfigTest [main] Create DB connection
2020-03-06 11:34:03,313 INFO DataBaseConfigTest [main] Closing Prepared Statement
2020-03-06 11:34:03,313 INFO DataBaseConfigTest [main] Closing DB connection
2020-03-06 11:34:03,323 INFO DataBaseConfigTest [main] Create DB connection
2020-03-06 11:34:03,372 INFO DataBaseConfigTest [main] Closing DB connection
2020-03-06 11:34:03,373 INFO DataBaseConfigTest [main] Create DB connection
2020-03-06 11:34:03,386 INFO DataBaseConfigTest [main] Closing Result Set
2020-03-06 11:34:03,386 INFO DataBaseConfigTest [main] Closing Prepared Statement
2020-03-06 11:34:03,387 INFO DataBaseConfigTest [main] Closing DB connection
2020-03-06 11:34:03,387 INFO DataBaseConfigTest [main] Create DB connection
2020-03-06 11:34:03,404 INFO DataBaseConfigTest [main] Closing Prepared Statement
2020-03-06 11:34:03,405 INFO DataBaseConfigTest [main] Closing DB connection
2020-03-06 11:34:03,405 INFO DataBaseConfigTest [main] Create DB connection
2020-03-06 11:34:03,419 INFO DataBaseConfigTest [main] Closing DB connection
2020-03-06 11:34:03,420 INFO DataBaseConfigTest [main] Create DB connection
2020-03-06 11:34:03,436 INFO DataBaseConfigTest [main] Closing DB connection
2020-03-06 11:34:03,495 INFO DataBaseConfig [main] Create DB connection
2020-03-06 11:34:03,510 INFO DataBaseConfig [main] Closing DB connection
2020-03-06 11:37:13,872 INFO DataBaseConfigTest [main] Create DB connection
2020-03-06 11:37:15,202 INFO DataBaseConfigTest [main] Closing DB connection
2020-03-06 11:37:15,752 INFO DataBaseConfigTest [main] Create DB connection
2020-03-06 11:37:15,814 INFO DataBaseConfigTest [main] Closing DB connection
2020-03-06 11:37:15,825 INFO DataBaseConfigTest [main] Create DB connection
2020-03-06 11:37:15,859 INFO DataBaseConfigTest [main] Closing Result Set
2020-03-06 11:37:15,859 INFO DataBaseConfigTest [main] Closing Prepared Statement
2020-03-06 11:37:15,860 INFO DataBaseConfigTest [main] Closing DB connection
2020-03-06 11:37:15,861 INFO DataBaseConfigTest [main] Create DB connection
2020-03-06 11:37:15,887 INFO DataBaseConfigTest [main] Closing Prepared Statement
2020-03-06 11:37:15,888 INFO DataBaseConfigTest [main] Closing DB connection
2020-03-06 11:37:15,888 INFO DataBaseConfigTest [main] Create DB connection
2020-03-06 11:37:15,911 INFO DataBaseConfigTest [main] Closing DB connection
2020-03-06 11:37:15,911 INFO DataBaseConfigTest [main] Create DB connection
2020-03-06 11:37:15,938 INFO DataBaseConfigTest [main] Closing DB connection
2020-03-06 11:37:18,941 INFO DataBaseConfigTest [main] Create DB connection
2020-03-06 11:37:18,959 INFO DataBaseConfigTest [main] Closing Result Set
2020-03-06 11:37:18,960 INFO DataBaseConfigTest [main] Closing Prepared Statement
2020-03-06 11:37:18,960 INFO DataBaseConfigTest [main] Closing DB connection
2020-03-06 11:37:18,961 INFO DataBaseConfig [main] Create DB connection
2020-03-06 11:37:18,986 INFO DataBaseConfig [main] Closing DB connection
2020-03-06 11:37:18,986 INFO DataBaseConfigTest [main] Create DB connection
2020-03-06 11:37:19,004 INFO DataBaseConfigTest [main] Closing DB connection
2020-03-06 11:37:19,004 INFO DataBaseConfigTest [main] Create DB connection
2020-03-06 11:37:19,021 INFO DataBaseConfigTest [main] Closing Prepared Statement
2020-03-06 11:37:19,023 INFO DataBaseConfigTest [main] Closing DB connection
2020-03-06 11:37:19,031 INFO DataBaseConfigTest [main] Create DB connection
2020-03-06 11:37:19,085 INFO DataBaseConfigTest [main] Closing DB connection
2020-03-06 11:37:19,086 INFO DataBaseConfigTest [main] Create DB connection
2020-03-06 11:37:19,099 INFO DataBaseConfigTest [main] Closing Result Set
2020-03-06 11:37:19,099 INFO DataBaseConfigTest [main] Closing Prepared Statement
2020-03-06 11:37:19,099 INFO DataBaseConfigTest [main] Closing DB connection
2020-03-06 11:37:19,100 INFO DataBaseConfigTest [main] Create DB connection
2020-03-06 11:37:19,116 INFO DataBaseConfigTest [main] Closing Prepared Statement
2020-03-06 11:37:19,117 INFO DataBaseConfigTest [main] Closing DB connection
2020-03-06 11:37:19,117 INFO DataBaseConfigTest [main] Create DB connection
2020-03-06 11:37:19,138 INFO DataBaseConfigTest [main] Closing DB connection
2020-03-06 11:37:19,138 INFO DataBaseConfigTest [main] Create DB connection
2020-03-06 11:37:19,157 INFO DataBaseConfigTest [main] Closing DB connection
2020-03-06 11:37:19,203 INFO DataBaseConfig [main] Create DB connection
2020-03-06 11:37:19,219 INFO DataBaseConfig [main] Closing DB connection
2020-03-06 11:47:58,608 INFO DataBaseConfigTest [main] Create DB connection
2020-03-06 11:47:59,600 INFO DataBaseConfigTest [main] Closing DB connection
2020-03-06 11:47:59,600 INFO DataBaseConfigTest [main] Create DB connection
2020-03-06 11:47:59,632 INFO DataBaseConfigTest [main] Closing Result Set
2020-03-06 11:47:59,632 INFO DataBaseConfigTest [main] Closing Prepared Statement
2020-03-06 11:47:59,633 INFO DataBaseConfigTest [main] Closing DB connection
2020-03-06 11:47:59,633 INFO DataBaseConfigTest [main] Create DB connection
2020-03-06 11:47:59,650 INFO DataBaseConfigTest [main] Closing Result Set
2020-03-06 11:47:59,650 INFO DataBaseConfigTest [main] Closing Prepared Statement
2020-03-06 11:47:59,650 INFO DataBaseConfigTest [main] Closing DB connection
2020-03-06 11:47:59,650 INFO DataBaseConfigTest [main] Create DB connection
2020-03-06 11:47:59,670 INFO DataBaseConfigTest [main] Closing Prepared Statement
2020-03-06 11:47:59,670 INFO DataBaseConfigTest [main] Closing DB connection
2020-03-06 11:47:59,670 INFO DataBaseConfigTest [main] Create DB connection
2020-03-06 11:47:59,684 INFO DataBaseConfigTest [main] Closing DB connection
2020-03-06 11:47:59,684 INFO DataBaseConfigTest [main] Create DB connection
2020-03-06 11:47:59,700 INFO DataBaseConfigTest [main] Closing DB connection
2020-03-06 11:48:02,701 INFO DataBaseConfigTest [main] Create DB connection
2020-03-06 11:48:02,717 INFO DataBaseConfigTest [main] Closing Result Set
2020-03-06 11:48:02,717 INFO DataBaseConfigTest [main] Closing Prepared Statement
2020-03-06 11:48:02,717 INFO DataBaseConfigTest [main] Closing DB connection
2020-03-06 11:48:02,717 INFO DataBaseConfig [main] Create DB connection
2020-03-06 11:48:02,739 INFO DataBaseConfig [main] Closing DB connection
2020-03-06 11:48:02,739 INFO DataBaseConfigTest [main] Create DB connection
2020-03-06 11:48:02,771 INFO DataBaseConfigTest [main] Closing DB connection
2020-03-06 11:48:02,772 INFO DataBaseConfigTest [main] Create DB connection
2020-03-06 11:48:02,791 INFO DataBaseConfigTest [main] Closing Prepared Statement
2020-03-06 11:48:02,791 INFO DataBaseConfigTest [main] Closing DB connection
2020-03-06 11:48:32,140 INFO DataBaseConfigTest [main] Create DB connection
2020-03-06 11:48:33,034 INFO DataBaseConfigTest [main] Closing DB connection
2020-03-06 11:48:33,034 INFO DataBaseConfigTest [main] Create DB connection
2020-03-06 11:48:33,067 INFO DataBaseConfigTest [main] Closing Result Set
2020-03-06 11:48:33,067 INFO DataBaseConfigTest [main] Closing Prepared Statement
2020-03-06 11:48:33,067 INFO DataBaseConfigTest [main] Closing DB connection
2020-03-06 11:48:33,067 INFO DataBaseConfigTest [main] Create DB connection
2020-03-06 11:48:33,084 INFO DataBaseConfigTest [main] Closing Result Set
2020-03-06 11:48:33,084 INFO DataBaseConfigTest [main] Closing Prepared Statement
2020-03-06 11:48:33,084 INFO DataBaseConfigTest [main] Closing DB connection
2020-03-06 11:48:33,084 INFO DataBaseConfigTest [main] Create DB connection
2020-03-06 11:48:33,101 INFO DataBaseConfigTest [main] Closing Prepared Statement
2020-03-06 11:48:33,101 INFO DataBaseConfigTest [main] Closing DB connection
2020-03-06 11:48:33,101 INFO DataBaseConfigTest [main] Create DB connection
2020-03-06 11:48:33,116 INFO DataBaseConfigTest [main] Closing DB connection
2020-03-06 11:48:33,116 INFO DataBaseConfigTest [main] Create DB connection
2020-03-06 11:48:33,134 INFO DataBaseConfigTest [main] Closing DB connection
2020-03-06 11:48:36,134 INFO DataBaseConfigTest [main] Create DB connection
2020-03-06 11:48:36,150 INFO DataBaseConfigTest [main] Closing Result Set
2020-03-06 11:48:36,150 INFO DataBaseConfigTest [main] Closing Prepared Statement
2020-03-06 11:48:36,151 INFO DataBaseConfigTest [main] Closing DB connection
2020-03-06 11:48:36,151 INFO DataBaseConfig [main] Create DB connection
2020-03-06 11:48:36,170 INFO DataBaseConfig [main] Closing DB connection
2020-03-06 11:48:36,170 INFO DataBaseConfigTest [main] Create DB connection
2020-03-06 11:48:36,190 INFO DataBaseConfigTest [main] Closing DB connection
2020-03-06 11:48:36,190 INFO DataBaseConfigTest [main] Create DB connection
2020-03-06 11:48:36,212 INFO DataBaseConfigTest [main] Closing Prepared Statement
2020-03-06 11:48:36,212 INFO DataBaseConfigTest [main] Closing DB connection
2020-03-06 13:10:39,985 INFO DataBaseConfigTest [main] Create DB connection
2020-03-06 13:10:41,324 INFO DataBaseConfigTest [main] Closing DB connection
2020-03-06 13:10:42,033 INFO DataBaseConfigTest [main] Create DB connection
2020-03-06 13:10:42,096 INFO DataBaseConfigTest [main] Closing DB connection
2020-03-06 13:10:42,107 INFO DataBaseConfigTest [main] Create DB connection
2020-03-06 13:10:42,137 INFO DataBaseConfigTest [main] Closing Result Set
2020-03-06 13:10:42,137 INFO DataBaseConfigTest [main] Closing Prepared Statement
2020-03-06 13:10:42,137 INFO DataBaseConfigTest [main] Closing DB connection
2020-03-06 13:10:42,139 INFO DataBaseConfigTest [main] Create DB connection
2020-03-06 13:10:42,161 INFO DataBaseConfigTest [main] Closing Prepared Statement
2020-03-06 13:10:42,161 INFO DataBaseConfigTest [main] Closing DB connection
2020-03-06 13:10:42,162 INFO DataBaseConfigTest [main] Create DB connection
2020-03-06 13:10:42,184 INFO DataBaseConfigTest [main] Closing DB connection
2020-03-06 13:10:42,184 INFO DataBaseConfigTest [main] Create DB connection
2020-03-06 13:10:42,209 INFO DataBaseConfigTest [main] Closing DB connection
2020-03-06 13:10:45,213 INFO DataBaseConfigTest [main] Create DB connection
2020-03-06 13:10:45,232 INFO DataBaseConfigTest [main] Closing Result Set
2020-03-06 13:10:45,232 INFO DataBaseConfigTest [main] Closing Prepared Statement
2020-03-06 13:10:45,232 INFO DataBaseConfigTest [main] Closing DB connection
2020-03-06 13:10:45,233 INFO DataBaseConfig [main] Create DB connection
2020-03-06 13:10:45,259 INFO DataBaseConfig [main] Closing DB connection
2020-03-06 13:10:45,259 INFO DataBaseConfigTest [main] Create DB connection
2020-03-06 13:10:45,278 INFO DataBaseConfigTest [main] Closing DB connection
2020-03-06 13:10:45,278 INFO DataBaseConfigTest [main] Create DB connection
2020-03-06 13:10:45,295 INFO DataBaseConfigTest [main] Closing Prepared Statement
2020-03-06 13:10:45,296 INFO DataBaseConfigTest [main] Closing DB connection
2020-03-06 13:10:45,302 INFO DataBaseConfigTest [main] Create DB connection
2020-03-06 13:10:45,353 INFO DataBaseConfigTest [main] Closing DB connection
2020-03-06 13:10:45,354 INFO DataBaseConfigTest [main] Create DB connection
2020-03-06 13:10:45,366 INFO DataBaseConfigTest [main] Closing Result Set
2020-03-06 13:10:45,366 INFO DataBaseConfigTest [main] Closing Prepared Statement
2020-03-06 13:10:45,366 INFO DataBaseConfigTest [main] Closing DB connection
2020-03-06 13:10:45,367 INFO DataBaseConfigTest [main] Create DB connection
2020-03-06 13:10:45,382 INFO DataBaseConfigTest [main] Closing Prepared Statement
2020-03-06 13:10:45,382 INFO DataBaseConfigTest [main] Closing DB connection
2020-03-06 13:10:45,382 INFO DataBaseConfigTest [main] Create DB connection
2020-03-06 13:10:45,397 INFO DataBaseConfigTest [main] Closing DB connection
2020-03-06 13:10:45,397 INFO DataBaseConfigTest [main] Create DB connection
2020-03-06 13:10:45,414 INFO DataBaseConfigTest [main] Closing DB connection
2020-03-06 13:10:45,457 INFO DataBaseConfig [main] Create DB connection
2020-03-06 13:10:45,471 INFO DataBaseConfig [main] Closing DB connection
2020-03-06 13:17:27,258 INFO DataBaseConfigTest [main] Create DB connection
2020-03-06 13:17:28,327 INFO DataBaseConfigTest [main] Closing DB connection
2020-03-06 13:17:28,329 INFO DataBaseConfigTest [main] Create DB connection
2020-03-06 13:17:28,354 INFO DataBaseConfigTest [main] Closing Result Set
2020-03-06 13:17:28,354 INFO DataBaseConfigTest [main] Closing Prepared Statement
2020-03-06 13:17:28,354 INFO DataBaseConfigTest [main] Closing DB connection
2020-03-06 13:17:28,354 INFO DataBaseConfigTest [main] Create DB connection
2020-03-06 13:17:28,374 INFO DataBaseConfigTest [main] Closing Prepared Statement
2020-03-06 13:17:28,374 INFO DataBaseConfigTest [main] Closing DB connection
2020-03-06 13:17:28,375 INFO DataBaseConfigTest [main] Create DB connection
2020-03-06 13:17:28,394 INFO DataBaseConfigTest [main] Closing DB connection
2020-03-06 13:17:28,394 INFO DataBaseConfigTest [main] Create DB connection
2020-03-06 13:17:28,418 INFO DataBaseConfigTest [main] Closing DB connection
2020-03-06 13:17:31,419 INFO DataBaseConfigTest [main] Create DB connection
2020-03-06 13:17:31,433 INFO DataBaseConfigTest [main] Closing Result Set
2020-03-06 13:17:31,433 INFO DataBaseConfigTest [main] Closing Prepared Statement
2020-03-06 13:17:31,434 INFO DataBaseConfigTest [main] Closing DB connection
2020-03-06 13:17:31,434 INFO DataBaseConfig [main] Create DB connection
2020-03-06 13:17:31,450 INFO DataBaseConfig [main] Closing DB connection
2020-03-06 13:17:31,450 INFO DataBaseConfigTest [main] Create DB connection
2020-03-06 13:17:31,470 INFO DataBaseConfigTest [main] Closing DB connection
2020-03-06 13:17:31,470 INFO DataBaseConfigTest [main] Create DB connection
2020-03-06 13:17:31,486 INFO DataBaseConfigTest [main] Closing Prepared Statement
2020-03-06 13:17:31,487 INFO DataBaseConfigTest [main] Closing DB connection
2020-03-06 13:17:31,488 INFO DataBaseConfigTest [main] Create DB connection
2020-03-06 13:17:31,548 INFO DataBaseConfigTest [main] Closing DB connection
2020-03-06 13:17:31,549 INFO DataBaseConfigTest [main] Create DB connection
2020-03-06 13:17:31,562 INFO DataBaseConfigTest [main] Closing Result Set
2020-03-06 13:17:31,562 INFO DataBaseConfigTest [main] Closing Prepared Statement
2020-03-06 13:17:31,562 INFO DataBaseConfigTest [main] Closing DB connection
2020-03-06 13:17:31,562 INFO DataBaseConfigTest [main] Create DB connection
2020-03-06 13:17:31,580 INFO DataBaseConfigTest [main] Closing Prepared Statement
2020-03-06 13:17:31,581 INFO DataBaseConfigTest [main] Closing DB connection
2020-03-06 13:17:31,581 INFO DataBaseConfigTest [main] Create DB connection
2020-03-06 13:17:31,602 INFO DataBaseConfigTest [main] Closing DB connection
2020-03-06 13:17:31,602 INFO DataBaseConfigTest [main] Create DB connection
2020-03-06 13:17:31,625 INFO DataBaseConfigTest [main] Closing DB connection
2020-03-06 13:17:31,659 INFO DataBaseConfig [main] Create DB connection
2020-03-06 13:17:31,680 INFO DataBaseConfig [main] Closing DB connection
2020-03-06 13:17:31,693 INFO DataBaseConfigTest [main] Create DB connection
2020-03-06 13:17:31,759 INFO DataBaseConfigTest [main] Closing DB connection
2020-03-06 13:23:28,692 INFO DataBaseConfigTest [main] Create DB connection
2020-03-06 13:23:30,028 INFO DataBaseConfigTest [main] Closing DB connection
2020-03-06 13:23:30,764 INFO DataBaseConfigTest [main] Create DB connection
2020-03-06 13:23:30,834 INFO DataBaseConfigTest [main] Closing DB connection
2020-03-06 13:23:30,853 INFO DataBaseConfigTest [main] Create DB connection
2020-03-06 13:23:30,893 INFO DataBaseConfigTest [main] Closing Result Set
2020-03-06 13:23:30,894 INFO DataBaseConfigTest [main] Closing Prepared Statement
2020-03-06 13:23:30,894 INFO DataBaseConfigTest [main] Closing DB connection
2020-03-06 13:23:30,896 INFO DataBaseConfigTest [main] Create DB connection
2020-03-06 13:23:30,919 INFO DataBaseConfigTest [main] Closing Prepared Statement
2020-03-06 13:23:30,920 INFO DataBaseConfigTest [main] Closing DB connection
2020-03-06 13:23:30,920 INFO DataBaseConfigTest [main] Create DB connection
2020-03-06 13:23:30,940 INFO DataBaseConfigTest [main] Closing DB connection
2020-03-06 13:23:30,940 INFO DataBaseConfigTest [main] Create DB connection
2020-03-06 13:23:30,965 INFO DataBaseConfigTest [main] Closing DB connection
2020-03-06 13:23:33,968 INFO DataBaseConfigTest [main] Create DB connection
2020-03-06 13:23:33,983 INFO DataBaseConfigTest [main] Closing Result Set
2020-03-06 13:23:33,983 INFO DataBaseConfigTest [main] Closing Prepared Statement
2020-03-06 13:23:33,984 INFO DataBaseConfigTest [main] Closing DB connection
2020-03-06 13:23:33,984 INFO DataBaseConfig [main] Create DB connection
2020-03-06 13:23:34,006 INFO DataBaseConfig [main] Closing DB connection
2020-03-06 13:23:34,009 INFO DataBaseConfigTest [main] Create DB connection
2020-03-06 13:23:34,039 INFO DataBaseConfigTest [main] Closing DB connection
2020-03-06 13:23:34,040 INFO DataBaseConfigTest [main] Create DB connection
2020-03-06 13:23:34,057 INFO DataBaseConfigTest [main] Closing Prepared Statement
2020-03-06 13:23:34,057 INFO DataBaseConfigTest [main] Closing DB connection
2020-03-06 13:23:34,063 INFO DataBaseConfigTest [main] Create DB connection
2020-03-06 13:23:34,119 INFO DataBaseConfigTest [main] Closing DB connection
2020-03-06 13:23:34,120 INFO DataBaseConfigTest [main] Create DB connection
2020-03-06 13:23:34,133 INFO DataBaseConfigTest [main] Closing Result Set
2020-03-06 13:23:34,133 INFO DataBaseConfigTest [main] Closing Prepared Statement
2020-03-06 13:23:34,134 INFO DataBaseConfigTest [main] Closing DB connection
2020-03-06 13:23:34,134 INFO DataBaseConfigTest [main] Create DB connection
2020-03-06 13:23:34,150 INFO DataBaseConfigTest [main] Closing Prepared Statement
2020-03-06 13:23:34,151 INFO DataBaseConfigTest [main] Closing DB connection
2020-03-06 13:23:34,151 INFO DataBaseConfigTest [main] Create DB connection
2020-03-06 13:23:34,164 INFO DataBaseConfigTest [main] Closing DB connection
2020-03-06 13:23:34,164 INFO DataBaseConfigTest [main] Create DB connection
2020-03-06 13:23:34,180 INFO DataBaseConfigTest [main] Closing DB connection
2020-03-06 13:23:34,230 INFO DataBaseConfig [main] Create DB connection
2020-03-06 13:23:34,244 INFO DataBaseConfig [main] Closing DB connection
2020-03-06 14:06:34,928 INFO DataBaseConfigTest [main] Create DB connection
2020-03-06 14:06:35,912 INFO DataBaseConfigTest [main] Closing DB connection
2020-03-06 14:06:35,947 INFO DataBaseConfigTest [main] Create DB connection
2020-03-06 14:06:35,964 INFO DataBaseConfigTest [main] Closing Result Set
2020-03-06 14:06:35,964 INFO DataBaseConfigTest [main] Closing Prepared Statement
2020-03-06 14:06:35,964 INFO DataBaseConfigTest [main] Closing DB connection
2020-03-06 14:06:35,964 INFO DataBaseConfigTest [main] Create DB connection
2020-03-06 14:06:35,980 INFO DataBaseConfigTest [main] Closing Prepared Statement
2020-03-06 14:06:35,980 INFO DataBaseConfigTest [main] Closing DB connection
2020-03-06 14:06:35,980 INFO DataBaseConfigTest [main] Create DB connection
2020-03-06 14:06:35,997 INFO DataBaseConfigTest [main] Closing DB connection
2020-03-06 14:06:35,997 INFO DataBaseConfigTest [main] Create DB connection
2020-03-06 14:06:36,030 INFO DataBaseConfigTest [main] Closing DB connection
2020-03-06 14:06:39,047 INFO DataBaseConfigTest [main] Create DB connection
2020-03-06 14:06:39,060 INFO DataBaseConfigTest [main] Closing Result Set
2020-03-06 14:06:39,063 INFO DataBaseConfigTest [main] Closing Prepared Statement
2020-03-06 14:06:39,063 INFO DataBaseConfigTest [main] Closing DB connection
2020-03-06 14:06:39,063 INFO DataBaseConfig [main] Create DB connection
2020-03-06 14:06:39,079 INFO DataBaseConfig [main] Closing DB connection
2020-03-06 14:06:39,079 INFO DataBaseConfigTest [main] Create DB connection
2020-03-06 14:06:39,102 INFO DataBaseConfigTest [main] Closing DB connection
2020-03-06 14:06:39,102 INFO DataBaseConfigTest [main] Create DB connection
2020-03-06 14:06:39,113 INFO DataBaseConfigTest [main] Closing Prepared Statement
2020-03-06 14:06:39,113 INFO DataBaseConfigTest [main] Closing DB connection
2020-03-06 14:06:43,847 INFO DataBaseConfigTest [main] Create DB connection
2020-03-06 14:06:43,980 INFO DataBaseConfigTest [main] Closing Result Set
2020-03-06 14:06:43,980 INFO DataBaseConfigTest [main] Closing Prepared Statement
2020-03-06 14:06:43,980 INFO DataBaseConfigTest [main] Closing DB connection
2020-03-06 14:07:20,226 INFO DataBaseConfigTest [main] Create DB connection
2020-03-06 14:07:21,124 INFO DataBaseConfigTest [main] Closing DB connection
2020-03-06 14:07:21,130 INFO DataBaseConfigTest [main] Create DB connection
2020-03-06 14:07:21,146 INFO DataBaseConfigTest [main] Closing Result Set
2020-03-06 14:07:21,146 INFO DataBaseConfigTest [main] Closing Prepared Statement
2020-03-06 14:07:21,146 INFO DataBaseConfigTest [main] Closing DB connection
2020-03-06 14:07:21,146 INFO DataBaseConfigTest [main] Create DB connection
2020-03-06 14:07:21,163 INFO DataBaseConfigTest [main] Closing Prepared Statement
2020-03-06 14:07:21,163 INFO DataBaseConfigTest [main] Closing DB connection
2020-03-06 14:07:21,163 INFO DataBaseConfigTest [main] Create DB connection
2020-03-06 14:07:21,180 INFO DataBaseConfigTest [main] Closing DB connection
2020-03-06 14:07:21,180 INFO DataBaseConfigTest [main] Create DB connection
2020-03-06 14:07:21,210 INFO DataBaseConfigTest [main] Closing DB connection
2020-03-06 14:07:24,210 INFO DataBaseConfigTest [main] Create DB connection
2020-03-06 14:07:24,225 INFO DataBaseConfigTest [main] Closing Result Set
2020-03-06 14:07:24,226 INFO DataBaseConfigTest [main] Closing Prepared Statement
2020-03-06 14:07:24,226 INFO DataBaseConfigTest [main] Closing DB connection
2020-03-06 14:07:24,227 INFO DataBaseConfig [main] Create DB connection
2020-03-06 14:07:24,241 INFO DataBaseConfig [main] Closing DB connection
2020-03-06 14:07:24,241 INFO DataBaseConfigTest [main] Create DB connection
2020-03-06 14:07:24,260 INFO DataBaseConfigTest [main] Closing DB connection
2020-03-06 14:07:24,260 INFO DataBaseConfigTest [main] Create DB connection
2020-03-06 14:07:24,275 INFO DataBaseConfigTest [main] Closing Prepared Statement
2020-03-06 14:07:24,275 INFO DataBaseConfigTest [main] Closing DB connection
2020-03-06 14:07:24,276 INFO DataBaseConfigTest [main] Create DB connection
2020-03-06 14:07:24,289 INFO DataBaseConfigTest [main] Closing Result Set
2020-03-06 14:07:24,289 INFO DataBaseConfigTest [main] Closing Prepared Statement
2020-03-06 14:07:24,289 INFO DataBaseConfigTest [main] Closing DB connection
2020-03-06 14:08:03,330 INFO DataBaseConfigTest [main] Create DB connection
2020-03-06 14:08:04,238 INFO DataBaseConfigTest [main] Closing DB connection
2020-03-06 14:08:04,246 INFO DataBaseConfigTest [main] Create DB connection
2020-03-06 14:08:04,263 INFO DataBaseConfigTest [main] Closing Result Set
2020-03-06 14:08:04,263 INFO DataBaseConfigTest [main] Closing Prepared Statement
2020-03-06 14:08:04,263 INFO DataBaseConfigTest [main] Closing DB connection
2020-03-06 14:08:04,263 INFO DataBaseConfigTest [main] Create DB connection
2020-03-06 14:08:04,280 INFO DataBaseConfigTest [main] Closing Prepared Statement
2020-03-06 14:08:04,280 INFO DataBaseConfigTest [main] Closing DB connection
2020-03-06 14:08:04,280 INFO DataBaseConfigTest [main] Create DB connection
2020-03-06 14:08:04,296 INFO DataBaseConfigTest [main] Closing DB connection
2020-03-06 14:08:04,296 INFO DataBaseConfigTest [main] Create DB connection
2020-03-06 14:08:04,329 INFO DataBaseConfigTest [main] Closing DB connection
2020-03-06 14:08:07,330 INFO DataBaseConfigTest [main] Create DB connection
2020-03-06 14:08:07,347 INFO DataBaseConfigTest [main] Closing Result Set
2020-03-06 14:08:07,347 INFO DataBaseConfigTest [main] Closing Prepared Statement
2020-03-06 14:08:07,348 INFO DataBaseConfigTest [main] Closing DB connection
2020-03-06 14:08:07,348 INFO DataBaseConfig [main] Create DB connection
2020-03-06 14:08:07,354 INFO DataBaseConfig [main] Closing DB connection
2020-03-06 14:08:07,354 INFO DataBaseConfigTest [main] Create DB connection
2020-03-06 14:08:07,363 INFO DataBaseConfigTest [main] Closing DB connection
2020-03-06 14:08:07,363 INFO DataBaseConfigTest [main] Create DB connection
2020-03-06 14:08:07,380 INFO DataBaseConfigTest [main] Closing Prepared Statement
2020-03-06 14:08:07,396 INFO DataBaseConfigTest [main] Closing DB connection
2020-03-06 14:08:07,396 INFO DataBaseConfigTest [main] Create DB connection
2020-03-06 14:08:07,397 INFO DataBaseConfigTest [main] Closing Result Set
2020-03-06 14:08:07,397 INFO DataBaseConfigTest [main] Closing Prepared Statement
2020-03-06 14:08:07,397 INFO DataBaseConfigTest [main] Closing DB connection
2020-03-06 14:09:17,679 INFO DataBaseConfigTest [main] Create DB connection
2020-03-06 14:09:18,583 INFO DataBaseConfigTest [main] Closing DB connection
2020-03-06 14:09:18,592 INFO DataBaseConfigTest [main] Create DB connection
2020-03-06 14:09:18,612 INFO DataBaseConfigTest [main] Closing Result Set
2020-03-06 14:09:18,612 INFO DataBaseConfigTest [main] Closing Prepared Statement
2020-03-06 14:09:18,613 INFO DataBaseConfigTest [main] Closing DB connection
2020-03-06 14:09:18,614 INFO DataBaseConfigTest [main] Create DB connection
2020-03-06 14:09:18,631 INFO DataBaseConfigTest [main] Closing Prepared Statement
2020-03-06 14:09:18,632 INFO DataBaseConfigTest [main] Closing DB connection
2020-03-06 14:09:18,632 INFO DataBaseConfigTest [main] Create DB connection
2020-03-06 14:09:18,646 INFO DataBaseConfigTest [main] Closing DB connection
2020-03-06 14:09:18,646 INFO DataBaseConfigTest [main] Create DB connection
2020-03-06 14:09:18,666 INFO DataBaseConfigTest [main] Closing DB connection
2020-03-06 14:09:18,666 INFO DataBaseConfigTest [main] Create DB connection
2020-03-06 14:09:18,678 INFO DataBaseConfigTest [main] Closing Result Set
2020-03-06 14:09:18,678 INFO DataBaseConfigTest [main] Closing Prepared Statement
2020-03-06 14:09:18,679 INFO DataBaseConfigTest [main] Closing DB connection
2020-03-06 14:24:06,449 INFO DataBaseConfigTest [main] Create DB connection
2020-03-06 14:24:07,399 INFO DataBaseConfigTest [main] Closing DB connection
2020-03-06 14:24:07,416 INFO DataBaseConfigTest [main] Create DB connection
2020-03-06 14:24:07,449 INFO DataBaseConfigTest [main] Closing Result Set
2020-03-06 14:24:07,449 INFO DataBaseConfigTest [main] Closing Prepared Statement
2020-03-06 14:24:07,449 INFO DataBaseConfigTest [main] Closing DB connection
2020-03-06 14:24:07,449 INFO DataBaseConfigTest [main] Create DB connection
2020-03-06 14:24:07,466 INFO DataBaseConfigTest [main] Closing Prepared Statement
2020-03-06 14:24:07,466 INFO DataBaseConfigTest [main] Closing DB connection
2020-03-06 14:24:07,466 INFO DataBaseConfigTest [main] Create DB connection
2020-03-06 14:24:07,483 INFO DataBaseConfigTest [main] Closing DB connection
2020-03-06 14:24:07,483 INFO DataBaseConfigTest [main] Create DB connection
2020-03-06 14:24:07,499 INFO DataBaseConfigTest [main] Closing DB connection
2020-03-06 14:24:10,501 INFO DataBaseConfigTest [main] Create DB connection
2020-03-06 14:24:10,534 INFO DataBaseConfigTest [main] Closing Result Set
2020-03-06 14:24:10,534 INFO DataBaseConfigTest [main] Closing Prepared Statement
2020-03-06 14:24:10,535 INFO DataBaseConfigTest [main] Closing DB connection
2020-03-06 14:24:10,536 INFO DataBaseConfig [main] Create DB connection
2020-03-06 14:24:10,550 INFO DataBaseConfig [main] Closing DB connection
2020-03-06 14:24:10,550 INFO DataBaseConfigTest [main] Create DB connection
2020-03-06 14:24:10,568 INFO DataBaseConfigTest [main] Closing DB connection
2020-03-06 14:24:10,568 INFO DataBaseConfigTest [main] Create DB connection
2020-03-06 14:24:10,583 INFO DataBaseConfigTest [main] Closing Prepared Statement
2020-03-06 14:24:10,583 INFO DataBaseConfigTest [main] Closing DB connection
2020-03-06 14:24:10,584 INFO DataBaseConfigTest [main] Create DB connection
2020-03-06 14:24:10,595 INFO DataBaseConfigTest [main] Closing Result Set
2020-03-06 14:24:10,595 INFO DataBaseConfigTest [main] Closing Prepared Statement
2020-03-06 14:24:10,596 INFO DataBaseConfigTest [main] Closing DB connection
