10:44:14.486 [main] INFO  DataBaseTestConfig - Create DB connection
10:44:15.404 [main] INFO  DataBaseTestConfig - Closing DB connection
10:44:15.404 [main] INFO  DataBaseTestConfig - Create DB connection
10:44:15.427 [main] INFO  DataBaseTestConfig - Closing Result Set
10:44:15.427 [main] INFO  DataBaseTestConfig - Closing Prepared Statement
10:44:15.427 [main] INFO  DataBaseTestConfig - Closing DB connection
10:44:15.427 [main] INFO  DataBaseTestConfig - Create DB connection
10:44:15.457 [main] INFO  DataBaseTestConfig - Closing Prepared Statement
10:44:15.457 [main] INFO  DataBaseTestConfig - Closing DB connection
10:44:15.457 [main] INFO  DataBaseTestConfig - Create DB connection
10:44:15.476 [main] INFO  DataBaseTestConfig - Closing DB connection
10:44:15.476 [main] INFO  DataBaseTestConfig - Create DB connection
10:44:15.493 [main] INFO  DataBaseTestConfig - Closing Result Set
10:44:15.493 [main] INFO  DataBaseTestConfig - Closing Prepared Statement
10:44:15.493 [main] INFO  DataBaseTestConfig - Closing DB connection
10:44:15.493 [main] INFO  DataBaseTestConfig - Create DB connection
10:44:15.510 [main] INFO  DataBaseTestConfig - Closing DB connection
10:44:15.510 [main] INFO  DataBaseTestConfig - Create DB connection
10:44:15.543 [main] INFO  DataBaseTestConfig - Closing Prepared Statement
10:44:15.543 [main] INFO  DataBaseTestConfig - Closing DB connection
10:44:15.543 [main] INFO  DataBaseTestConfig - Create DB connection
10:44:15.610 [main] INFO  DataBaseTestConfig - Closing DB connection
10:44:15.626 [main] INFO  DataBaseTestConfig - Create DB connection
10:44:15.643 [main] INFO  DataBaseTestConfig - Closing Result Set
10:44:15.643 [main] INFO  DataBaseTestConfig - Closing Prepared Statement
10:44:15.643 [main] INFO  DataBaseTestConfig - Closing DB connection
10:44:15.643 [main] INFO  DataBaseTestConfig - Create DB connection
10:44:15.660 [main] INFO  DataBaseTestConfig - Closing Prepared Statement
10:44:15.660 [main] INFO  DataBaseTestConfig - Closing DB connection
10:44:15.660 [main] INFO  DataBaseTestConfig - Create DB connection
10:44:15.676 [main] INFO  DataBaseTestConfig - Closing DB connection
11:20:16.336 [main] INFO  App - Initializing Parking System
11:20:16.336 [main] INFO  InteractiveShell - App initialized!!!
11:20:19.525 [main] INFO  DataBaseConfig - Create DB connection
11:20:20.405 [main] INFO  DataBaseConfig - Closing Result Set
11:20:20.405 [main] INFO  DataBaseConfig - Closing Prepared Statement
11:20:20.405 [main] INFO  DataBaseConfig - Closing DB connection
11:20:21.656 [main] INFO  DataBaseConfig - Create DB connection
11:20:21.687 [main] INFO  DataBaseConfig - Closing Prepared Statement
11:20:21.687 [main] INFO  DataBaseConfig - Closing DB connection
11:20:21.690 [main] INFO  DataBaseConfig - Create DB connection
11:20:21.707 [main] INFO  DataBaseConfig - Closing DB connection
11:20:26.192 [main] INFO  DataBaseConfig - Create DB connection
11:20:26.207 [main] INFO  DataBaseConfig - Closing Result Set
11:20:26.207 [main] INFO  DataBaseConfig - Closing Prepared Statement
11:20:26.207 [main] INFO  DataBaseConfig - Closing DB connection
11:20:58.524 [main] INFO  DataBaseConfig - Create DB connection
11:20:58.540 [main] INFO  DataBaseConfig - Closing DB connection
11:20:58.540 [main] INFO  DataBaseConfig - Create DB connection
11:21:06.092 [main] INFO  App - Initializing Parking System
11:21:06.095 [main] INFO  InteractiveShell - App initialized!!!
11:21:09.540 [main] ERROR InputReaderUtil - Error while reading user input from Shell
java.lang.NumberFormatException: For input string: "OOO"
	at java.lang.NumberFormatException.forInputString(NumberFormatException.java:65) ~[?:1.8.0_131]
	at java.lang.Integer.parseInt(Integer.java:580) ~[?:1.8.0_131]
	at java.lang.Integer.parseInt(Integer.java:615) ~[?:1.8.0_131]
	at com.parkit.parkingsystem.util.InputReaderUtil.readSelection(InputReaderUtil.java:15) [classes/:?]
	at com.parkit.parkingsystem.service.ParkingService.getVehichleType(ParkingService.java:84) [classes/:?]
	at com.parkit.parkingsystem.service.ParkingService.getNextParkingNumberIfAvailable(ParkingService.java:65) [classes/:?]
	at com.parkit.parkingsystem.service.ParkingService.processIncomingVehicle(ParkingService.java:32) [classes/:?]
	at com.parkit.parkingsystem.service.InteractiveShell.loadInterface(InteractiveShell.java:28) [classes/:?]
	at com.parkit.parkingsystem.App.main(App.java:11) [classes/:?]
11:21:09.556 [main] ERROR ParkingService - Error parsing user input for type of vehicle
java.lang.IllegalArgumentException: Entered input is invalid
	at com.parkit.parkingsystem.service.ParkingService.getVehichleType(ParkingService.java:94) ~[classes/:?]
	at com.parkit.parkingsystem.service.ParkingService.getNextParkingNumberIfAvailable(ParkingService.java:65) [classes/:?]
	at com.parkit.parkingsystem.service.ParkingService.processIncomingVehicle(ParkingService.java:32) [classes/:?]
	at com.parkit.parkingsystem.service.InteractiveShell.loadInterface(InteractiveShell.java:28) [classes/:?]
	at com.parkit.parkingsystem.App.main(App.java:11) [classes/:?]
11:21:12.913 [main] INFO  DataBaseConfig - Create DB connection
11:21:13.815 [main] INFO  DataBaseConfig - Closing Result Set
11:21:13.815 [main] INFO  DataBaseConfig - Closing Prepared Statement
11:21:13.815 [main] INFO  DataBaseConfig - Closing DB connection
11:21:15.104 [main] INFO  DataBaseConfig - Create DB connection
11:21:15.124 [main] INFO  DataBaseConfig - Closing Prepared Statement
11:21:15.124 [main] INFO  DataBaseConfig - Closing DB connection
11:21:15.124 [main] INFO  DataBaseConfig - Create DB connection
11:21:15.157 [main] INFO  DataBaseConfig - Closing DB connection
11:21:18.480 [main] INFO  DataBaseConfig - Create DB connection
11:21:18.507 [main] INFO  DataBaseConfig - Closing Result Set
11:21:18.507 [main] INFO  DataBaseConfig - Closing Prepared Statement
11:21:18.507 [main] INFO  DataBaseConfig - Closing DB connection
11:21:54.353 [main] INFO  DataBaseConfig - Create DB connection
11:21:54.357 [main] INFO  DataBaseConfig - Closing DB connection
11:21:54.357 [main] INFO  DataBaseConfig - Create DB connection
11:21:54.373 [main] INFO  DataBaseConfig - Closing Prepared Statement
11:21:54.373 [main] INFO  DataBaseConfig - Closing DB connection
11:21:58.557 [main] INFO  App - Initializing Parking System
11:21:58.557 [main] INFO  InteractiveShell - App initialized!!!
11:22:01.557 [main] INFO  DataBaseConfig - Create DB connection
11:22:02.457 [main] INFO  DataBaseConfig - Closing Result Set
11:22:02.457 [main] INFO  DataBaseConfig - Closing Prepared Statement
11:22:02.457 [main] INFO  DataBaseConfig - Closing DB connection
11:22:03.056 [main] INFO  DataBaseConfig - Create DB connection
11:22:03.084 [main] INFO  DataBaseConfig - Closing Prepared Statement
11:22:03.084 [main] INFO  DataBaseConfig - Closing DB connection
11:22:03.085 [main] INFO  DataBaseConfig - Create DB connection
11:22:03.107 [main] INFO  DataBaseConfig - Closing DB connection
11:22:06.873 [main] INFO  DataBaseConfig - Create DB connection
11:22:06.890 [main] INFO  DataBaseConfig - Closing Result Set
11:22:06.890 [main] INFO  DataBaseConfig - Closing Prepared Statement
11:22:06.890 [main] INFO  DataBaseConfig - Closing DB connection
11:22:17.490 [main] INFO  DataBaseConfig - Create DB connection
11:22:17.507 [main] INFO  DataBaseConfig - Closing DB connection
11:22:17.507 [main] INFO  DataBaseConfig - Create DB connection
11:22:17.523 [main] INFO  DataBaseConfig - Closing Prepared Statement
11:22:17.523 [main] INFO  DataBaseConfig - Closing DB connection
11:28:07.100 [main] INFO  App - Initializing Parking System
11:28:07.115 [main] INFO  InteractiveShell - App initialized!!!
11:28:12.390 [main] INFO  DataBaseConfig - Create DB connection
11:28:13.245 [main] INFO  DataBaseConfig - Closing Result Set
11:28:13.245 [main] INFO  DataBaseConfig - Closing Prepared Statement
11:28:13.245 [main] INFO  DataBaseConfig - Closing DB connection
11:28:13.572 [main] INFO  DataBaseConfig - Create DB connection
11:28:13.591 [main] INFO  DataBaseConfig - Closing Prepared Statement
11:28:13.591 [main] INFO  DataBaseConfig - Closing DB connection
11:28:13.591 [main] INFO  DataBaseConfig - Create DB connection
11:28:13.616 [main] INFO  DataBaseConfig - Closing DB connection
11:28:31.306 [main] INFO  DataBaseConfig - Create DB connection
11:28:31.324 [main] INFO  DataBaseConfig - Closing Result Set
11:28:31.324 [main] INFO  DataBaseConfig - Closing Prepared Statement
11:28:31.324 [main] INFO  DataBaseConfig - Closing DB connection
11:30:09.442 [main] INFO  DataBaseConfig - Create DB connection
11:30:09.467 [main] INFO  DataBaseConfig - Closing DB connection
11:30:09.467 [main] INFO  DataBaseConfig - Create DB connection
11:30:09.475 [main] INFO  DataBaseConfig - Closing Prepared Statement
11:30:09.475 [main] INFO  DataBaseConfig - Closing DB connection
11:30:15.492 [main] INFO  App - Initializing Parking System
11:30:15.492 [main] INFO  InteractiveShell - App initialized!!!
11:30:19.131 [main] INFO  DataBaseConfig - Create DB connection
11:30:19.992 [main] INFO  DataBaseConfig - Closing Result Set
11:30:19.992 [main] INFO  DataBaseConfig - Closing Prepared Statement
11:30:19.992 [main] INFO  DataBaseConfig - Closing DB connection
11:30:23.378 [main] INFO  DataBaseConfig - Create DB connection
11:30:23.393 [main] INFO  DataBaseConfig - Closing Prepared Statement
11:30:23.393 [main] INFO  DataBaseConfig - Closing DB connection
11:30:23.393 [main] INFO  DataBaseConfig - Create DB connection
11:30:23.425 [main] INFO  DataBaseConfig - Closing DB connection
11:30:39.152 [main] INFO  DataBaseConfig - Create DB connection
11:30:39.183 [main] INFO  DataBaseConfig - Closing Result Set
11:30:39.183 [main] INFO  DataBaseConfig - Closing Prepared Statement
11:30:39.183 [main] INFO  DataBaseConfig - Closing DB connection
11:30:52.088 [main] ERROR ParkingService - Unable to process exiting vehicle
java.lang.IllegalArgumentException
	at java.util.Date.parse(Date.java:617) ~[?:1.8.0_131]
	at java.util.Date.<init>(Date.java:274) ~[?:1.8.0_131]
	at com.parkit.parkingsystem.service.FareCalculatorService.calculateFare(FareCalculatorService.java:17) ~[classes/:?]
	at com.parkit.parkingsystem.service.ParkingService.processExitingVehicle(ParkingService.java:105) [classes/:?]
	at com.parkit.parkingsystem.service.InteractiveShell.loadInterface(InteractiveShell.java:32) [classes/:?]
	at com.parkit.parkingsystem.App.main(App.java:11) [classes/:?]
11:31:54.760 [main] INFO  App - Initializing Parking System
11:31:54.760 [main] INFO  InteractiveShell - App initialized!!!
11:32:02.778 [main] INFO  DataBaseConfig - Create DB connection
11:32:03.661 [main] INFO  DataBaseConfig - Closing Result Set
11:32:03.661 [main] INFO  DataBaseConfig - Closing Prepared Statement
11:32:03.661 [main] INFO  DataBaseConfig - Closing DB connection
11:32:04.293 [main] INFO  DataBaseConfig - Create DB connection
11:32:04.312 [main] INFO  DataBaseConfig - Closing Prepared Statement
11:32:04.312 [main] INFO  DataBaseConfig - Closing DB connection
11:32:04.312 [main] INFO  DataBaseConfig - Create DB connection
11:32:04.361 [main] INFO  DataBaseConfig - Closing DB connection
11:32:21.902 [main] INFO  DataBaseConfig - Create DB connection
11:32:21.918 [main] INFO  DataBaseConfig - Closing Result Set
11:32:21.918 [main] INFO  DataBaseConfig - Closing Prepared Statement
11:32:21.918 [main] INFO  DataBaseConfig - Closing DB connection
11:32:38.594 [main] ERROR ParkingService - Unable to process exiting vehicle
java.lang.IllegalArgumentException
	at java.util.Date.parse(Date.java:617) ~[?:1.8.0_131]
	at java.util.Date.<init>(Date.java:274) ~[?:1.8.0_131]
	at com.parkit.parkingsystem.service.FareCalculatorService.calculateFare(FareCalculatorService.java:17) ~[classes/:?]
	at com.parkit.parkingsystem.service.ParkingService.processExitingVehicle(ParkingService.java:105) [classes/:?]
	at com.parkit.parkingsystem.service.InteractiveShell.loadInterface(InteractiveShell.java:32) [classes/:?]
	at com.parkit.parkingsystem.App.main(App.java:11) [classes/:?]
11:41:16.659 [main] INFO  App - Initializing Parking System
11:41:16.662 [main] INFO  InteractiveShell - App initialized!!!
11:41:21.368 [main] INFO  DataBaseConfig - Create DB connection
11:41:22.269 [main] INFO  DataBaseConfig - Closing Result Set
11:41:22.269 [main] INFO  DataBaseConfig - Closing Prepared Statement
11:41:22.270 [main] INFO  DataBaseConfig - Closing DB connection
11:41:27.513 [main] INFO  DataBaseConfig - Create DB connection
11:41:27.546 [main] INFO  DataBaseConfig - Closing Prepared Statement
11:41:27.546 [main] INFO  DataBaseConfig - Closing DB connection
11:41:27.546 [main] INFO  DataBaseConfig - Create DB connection
11:41:27.563 [main] INFO  DataBaseConfig - Closing DB connection
11:42:05.361 [main] INFO  DataBaseConfig - Create DB connection
11:42:05.389 [main] INFO  DataBaseConfig - Closing Result Set
11:42:05.389 [main] INFO  DataBaseConfig - Closing Prepared Statement
11:42:05.390 [main] INFO  DataBaseConfig - Closing DB connection
11:43:41.963 [main] ERROR ParkingService - Unable to process exiting vehicle
java.lang.IllegalArgumentException
	at java.util.Date.parse(Date.java:617) ~[?:1.8.0_131]
	at java.util.Date.<init>(Date.java:274) ~[?:1.8.0_131]
	at com.parkit.parkingsystem.service.FareCalculatorService.calculateFare(FareCalculatorService.java:33) ~[classes/:?]
	at com.parkit.parkingsystem.service.ParkingService.processExitingVehicle(ParkingService.java:105) [classes/:?]
	at com.parkit.parkingsystem.service.InteractiveShell.loadInterface(InteractiveShell.java:32) [classes/:?]
	at com.parkit.parkingsystem.App.main(App.java:11) [classes/:?]
11:43:48.445 [main] INFO  App - Initializing Parking System
11:43:48.445 [main] INFO  InteractiveShell - App initialized!!!
11:43:51.645 [main] INFO  DataBaseConfig - Create DB connection
11:43:52.524 [main] INFO  DataBaseConfig - Closing Result Set
11:43:52.524 [main] INFO  DataBaseConfig - Closing Prepared Statement
11:43:52.524 [main] INFO  DataBaseConfig - Closing DB connection
11:43:53.529 [main] INFO  DataBaseConfig - Create DB connection
11:43:53.572 [main] INFO  DataBaseConfig - Closing Prepared Statement
11:43:53.574 [main] INFO  DataBaseConfig - Closing DB connection
11:43:53.577 [main] INFO  DataBaseConfig - Create DB connection
11:43:53.611 [main] INFO  DataBaseConfig - Closing DB connection
11:44:10.226 [main] INFO  DataBaseConfig - Create DB connection
11:44:10.248 [main] INFO  DataBaseConfig - Closing Result Set
11:44:10.248 [main] INFO  DataBaseConfig - Closing Prepared Statement
11:44:10.249 [main] INFO  DataBaseConfig - Closing DB connection
11:51:10.639 [main] ERROR ParkingService - Unable to process exiting vehicle
java.lang.IllegalArgumentException
	at java.util.Date.parse(Date.java:617) ~[?:1.8.0_131]
	at java.util.Date.<init>(Date.java:274) ~[?:1.8.0_131]
	at com.parkit.parkingsystem.service.FareCalculatorService.calculateFare(FareCalculatorService.java:33) ~[classes/:?]
	at com.parkit.parkingsystem.service.ParkingService.processExitingVehicle(ParkingService.java:105) [classes/:?]
	at com.parkit.parkingsystem.service.InteractiveShell.loadInterface(InteractiveShell.java:32) [classes/:?]
	at com.parkit.parkingsystem.App.main(App.java:11) [classes/:?]
11:51:22.304 [main] INFO  App - Initializing Parking System
11:51:22.320 [main] INFO  InteractiveShell - App initialized!!!
11:51:28.073 [main] INFO  DataBaseConfig - Create DB connection
11:51:28.989 [main] INFO  DataBaseConfig - Closing Result Set
11:51:28.989 [main] INFO  DataBaseConfig - Closing Prepared Statement
11:51:28.990 [main] INFO  DataBaseConfig - Closing DB connection
11:51:35.148 [main] INFO  DataBaseConfig - Create DB connection
11:51:35.168 [main] INFO  DataBaseConfig - Closing Prepared Statement
11:51:35.168 [main] INFO  DataBaseConfig - Closing DB connection
11:51:35.168 [main] INFO  DataBaseConfig - Create DB connection
11:51:35.190 [main] INFO  DataBaseConfig - Closing DB connection
11:52:02.850 [main] INFO  App - Initializing Parking System
11:52:02.850 [main] INFO  InteractiveShell - App initialized!!!
11:52:06.074 [main] INFO  DataBaseConfig - Create DB connection
11:52:06.947 [main] INFO  DataBaseConfig - Closing Result Set
11:52:06.947 [main] INFO  DataBaseConfig - Closing Prepared Statement
11:52:06.948 [main] INFO  DataBaseConfig - Closing DB connection
11:52:08.164 [main] INFO  DataBaseConfig - Create DB connection
11:52:08.193 [main] INFO  DataBaseConfig - Closing Prepared Statement
11:52:08.194 [main] INFO  DataBaseConfig - Closing DB connection
11:52:08.195 [main] INFO  DataBaseConfig - Create DB connection
11:52:08.217 [main] INFO  DataBaseConfig - Closing DB connection
11:52:20.041 [main] INFO  DataBaseConfig - Create DB connection
11:52:20.057 [main] INFO  DataBaseConfig - Closing Result Set
11:52:20.057 [main] INFO  DataBaseConfig - Closing Prepared Statement
11:52:20.057 [main] INFO  DataBaseConfig - Closing DB connection
11:52:53.208 [main] INFO  DataBaseConfig - Create DB connection
11:52:53.358 [main] INFO  DataBaseConfig - Closing DB connection
11:52:53.891 [main] INFO  DataBaseConfig - Create DB connection
11:52:54.019 [main] INFO  DataBaseConfig - Closing Prepared Statement
11:52:54.028 [main] INFO  DataBaseConfig - Closing DB connection
11:55:23.397 [main] INFO  App - Initializing Parking System
11:55:23.400 [main] INFO  InteractiveShell - App initialized!!!
11:55:39.090 [main] INFO  DataBaseConfig - Create DB connection
11:55:40.011 [main] INFO  DataBaseConfig - Closing Result Set
11:55:40.011 [main] INFO  DataBaseConfig - Closing Prepared Statement
11:55:40.011 [main] INFO  DataBaseConfig - Closing DB connection
11:55:42.428 [main] INFO  DataBaseConfig - Create DB connection
11:55:42.442 [main] INFO  DataBaseConfig - Closing Prepared Statement
11:55:42.442 [main] INFO  DataBaseConfig - Closing DB connection
11:55:42.442 [main] INFO  DataBaseConfig - Create DB connection
11:55:42.459 [main] INFO  DataBaseConfig - Closing DB connection
11:57:09.990 [main] INFO  DataBaseConfig - Create DB connection
11:57:10.010 [main] INFO  DataBaseConfig - Closing Result Set
11:57:10.010 [main] INFO  DataBaseConfig - Closing Prepared Statement
11:57:10.011 [main] INFO  DataBaseConfig - Closing DB connection
11:58:43.194 [main] INFO  DataBaseConfig - Create DB connection
11:58:43.226 [main] INFO  DataBaseConfig - Closing DB connection
11:58:43.226 [main] INFO  DataBaseConfig - Create DB connection
11:58:43.227 [main] INFO  DataBaseConfig - Closing Prepared Statement
11:58:43.227 [main] INFO  DataBaseConfig - Closing DB connection
11:58:49.951 [main] INFO  App - Initializing Parking System
11:58:49.954 [main] INFO  InteractiveShell - App initialized!!!
11:58:53.947 [main] INFO  DataBaseConfig - Create DB connection
11:58:54.834 [main] INFO  DataBaseConfig - Closing Result Set
11:58:54.834 [main] INFO  DataBaseConfig - Closing Prepared Statement
11:58:54.834 [main] INFO  DataBaseConfig - Closing DB connection
11:58:57.243 [main] INFO  DataBaseConfig - Create DB connection
11:58:57.264 [main] INFO  DataBaseConfig - Closing Prepared Statement
11:58:57.264 [main] INFO  DataBaseConfig - Closing DB connection
11:58:57.264 [main] INFO  DataBaseConfig - Create DB connection
11:58:57.277 [main] INFO  DataBaseConfig - Closing DB connection
12:00:15.661 [main] INFO  App - Initializing Parking System
12:00:15.661 [main] INFO  InteractiveShell - App initialized!!!
12:00:20.283 [main] INFO  DataBaseConfig - Create DB connection
12:00:21.228 [main] INFO  DataBaseConfig - Closing Result Set
12:00:21.228 [main] INFO  DataBaseConfig - Closing Prepared Statement
12:00:21.228 [main] INFO  DataBaseConfig - Closing DB connection
12:00:23.168 [main] INFO  DataBaseConfig - Create DB connection
12:00:23.198 [main] INFO  DataBaseConfig - Closing Prepared Statement
12:00:23.199 [main] INFO  DataBaseConfig - Closing DB connection
12:00:23.199 [main] INFO  DataBaseConfig - Create DB connection
12:00:23.222 [main] INFO  DataBaseConfig - Closing DB connection
12:00:53.878 [main] INFO  DataBaseConfig - Create DB connection
12:00:53.901 [main] INFO  DataBaseConfig - Closing Result Set
12:00:53.901 [main] INFO  DataBaseConfig - Closing Prepared Statement
12:00:53.902 [main] INFO  DataBaseConfig - Closing DB connection
12:03:27.320 [main] INFO  DataBaseConfig - Create DB connection
12:03:27.342 [main] INFO  DataBaseConfig - Closing DB connection
12:03:27.342 [main] INFO  DataBaseConfig - Create DB connection
12:03:27.360 [main] INFO  DataBaseConfig - Closing Prepared Statement
12:03:27.360 [main] INFO  DataBaseConfig - Closing DB connection
12:03:50.491 [main] INFO  App - Initializing Parking System
12:03:50.491 [main] INFO  InteractiveShell - App initialized!!!
12:03:54.034 [main] ERROR InputReaderUtil - Error while reading user input from Shell
java.lang.NumberFormatException: For input string: "AA"
	at java.lang.NumberFormatException.forInputString(NumberFormatException.java:65) ~[?:1.8.0_131]
	at java.lang.Integer.parseInt(Integer.java:580) ~[?:1.8.0_131]
	at java.lang.Integer.parseInt(Integer.java:615) ~[?:1.8.0_131]
	at com.parkit.parkingsystem.util.InputReaderUtil.readSelection(InputReaderUtil.java:15) [classes/:?]
	at com.parkit.parkingsystem.service.ParkingService.getVehichleType(ParkingService.java:84) [classes/:?]
	at com.parkit.parkingsystem.service.ParkingService.getNextParkingNumberIfAvailable(ParkingService.java:65) [classes/:?]
	at com.parkit.parkingsystem.service.ParkingService.processIncomingVehicle(ParkingService.java:32) [classes/:?]
	at com.parkit.parkingsystem.service.InteractiveShell.loadInterface(InteractiveShell.java:28) [classes/:?]
	at com.parkit.parkingsystem.App.main(App.java:11) [classes/:?]
12:03:54.034 [main] ERROR ParkingService - Error parsing user input for type of vehicle
java.lang.IllegalArgumentException: Entered input is invalid
	at com.parkit.parkingsystem.service.ParkingService.getVehichleType(ParkingService.java:94) ~[classes/:?]
	at com.parkit.parkingsystem.service.ParkingService.getNextParkingNumberIfAvailable(ParkingService.java:65) [classes/:?]
	at com.parkit.parkingsystem.service.ParkingService.processIncomingVehicle(ParkingService.java:32) [classes/:?]
	at com.parkit.parkingsystem.service.InteractiveShell.loadInterface(InteractiveShell.java:28) [classes/:?]
	at com.parkit.parkingsystem.App.main(App.java:11) [classes/:?]
12:03:57.197 [main] INFO  DataBaseConfig - Create DB connection
12:03:58.094 [main] INFO  DataBaseConfig - Closing Result Set
12:03:58.095 [main] INFO  DataBaseConfig - Closing Prepared Statement
12:03:58.095 [main] INFO  DataBaseConfig - Closing DB connection
12:03:58.191 [main] ERROR InputReaderUtil - Error while reading user input from Shell
java.lang.IllegalArgumentException: Invalid input provided
	at com.parkit.parkingsystem.util.InputReaderUtil.readVehicleRegistrationNumber(InputReaderUtil.java:28) [classes/:?]
	at com.parkit.parkingsystem.service.ParkingService.getVehicleRegNumber(ParkingService.java:58) [classes/:?]
	at com.parkit.parkingsystem.service.ParkingService.processIncomingVehicle(ParkingService.java:34) [classes/:?]
	at com.parkit.parkingsystem.service.InteractiveShell.loadInterface(InteractiveShell.java:28) [classes/:?]
	at com.parkit.parkingsystem.App.main(App.java:11) [classes/:?]
12:03:58.191 [main] ERROR ParkingService - Unable to process incoming vehicle
java.lang.IllegalArgumentException: Invalid input provided
	at com.parkit.parkingsystem.util.InputReaderUtil.readVehicleRegistrationNumber(InputReaderUtil.java:28) ~[classes/:?]
	at com.parkit.parkingsystem.service.ParkingService.getVehicleRegNumber(ParkingService.java:58) ~[classes/:?]
	at com.parkit.parkingsystem.service.ParkingService.processIncomingVehicle(ParkingService.java:34) [classes/:?]
	at com.parkit.parkingsystem.service.InteractiveShell.loadInterface(InteractiveShell.java:28) [classes/:?]
	at com.parkit.parkingsystem.App.main(App.java:11) [classes/:?]
12:04:01.851 [main] INFO  DataBaseConfig - Create DB connection
12:04:01.877 [main] INFO  DataBaseConfig - Closing Result Set
12:04:01.877 [main] INFO  DataBaseConfig - Closing Prepared Statement
12:04:01.877 [main] INFO  DataBaseConfig - Closing DB connection
12:04:04.116 [main] INFO  DataBaseConfig - Create DB connection
12:04:04.141 [main] INFO  DataBaseConfig - Closing Prepared Statement
12:04:04.141 [main] INFO  DataBaseConfig - Closing DB connection
12:04:04.141 [main] INFO  DataBaseConfig - Create DB connection
12:04:04.160 [main] INFO  DataBaseConfig - Closing DB connection
12:04:21.691 [main] INFO  DataBaseConfig - Create DB connection
12:04:21.716 [main] INFO  DataBaseConfig - Closing Result Set
12:04:21.716 [main] INFO  DataBaseConfig - Closing Prepared Statement
12:04:21.717 [main] INFO  DataBaseConfig - Closing DB connection
12:05:05.260 [main] INFO  DataBaseConfig - Create DB connection
12:05:05.440 [main] INFO  DataBaseConfig - Closing DB connection
12:05:06.223 [main] INFO  DataBaseConfig - Create DB connection
12:05:06.357 [main] INFO  DataBaseConfig - Closing Prepared Statement
12:05:06.357 [main] INFO  DataBaseConfig - Closing DB connection
